#
# There is insufficient memory for the Java Runtime Environment to continue.
# Native memory allocation (mmap) failed to map 326107136 bytes for G1 virtual space
# Possible reasons:
#   The system is out of physical RAM or swap space
#   The process is running with CompressedOops enabled, and the Java Heap may be blocking the growth of the native heap
# Possible solutions:
#   Reduce memory load on the system
#   Increase physical memory or swap space
#   Check if swap backing store is full
#   Decrease Java heap size (-Xmx/-Xms)
#   Decrease number of Java threads
#   Decrease Java thread stack sizes (-Xss)
#   Set larger code cache with -XX:ReservedCodeCacheSize=
#   JVM is running with Unscaled Compressed Oops mode in which the Java heap is
#     placed in the first 4GB address space. The Java Heap base address is the
#     maximum limit for the native heap growth. Please use -XX:HeapBaseMinAddress
#     to set the Java Heap base and to place the Java Heap above 4GB virtual address.
# This output file may be truncated or incomplete.
#
#  Out of Memory Error (os_windows.cpp:3769), pid=37196, tid=17200
#
# JRE version: OpenJDK Runtime Environment (17.0.6) (build 17.0.6+0-b2043.56-10027231)
# Java VM: OpenJDK 64-Bit Server VM (17.0.6+0-b2043.56-10027231, mixed mode, tiered, compressed oops, compressed class ptrs, g1 gc, windows-amd64)
# No core dump will be written. Minidumps are not enabled by default on client versions of Windows
#

---------------  S U M M A R Y ------------

Command Line: --add-opens=java.base/java.util=ALL-UNNAMED --add-opens=java.base/java.lang=ALL-UNNAMED --add-opens=java.base/java.lang.invoke=ALL-UNNAMED --add-opens=java.prefs/java.util.prefs=ALL-UNNAMED --add-opens=java.base/java.nio.charset=ALL-UNNAMED --add-opens=java.base/java.net=ALL-UNNAMED --add-opens=java.base/java.util.concurrent.atomic=ALL-UNNAMED -Xmx2048m -Dfile.encoding=UTF-8 -Duser.country=KR -Duser.language=ko -Duser.variant org.gradle.launcher.daemon.bootstrap.GradleDaemon 8.0

Host: 11th Gen Intel(R) Core(TM) i5-1135G7 @ 2.40GHz, 8 cores, 63G,  Windows 10 , 64 bit Build 19041 (10.0.19041.3155)
Time: Tue Nov  7 13:41:25 2023  Windows 10 , 64 bit Build 19041 (10.0.19041.3155) elapsed time: 24.390515 seconds (0d 0h 0m 24s)

---------------  T H R E A D  ---------------

Current thread (0x0000021acaab1c30):  VMThread "VM Thread" [stack: 0x0000006348200000,0x0000006348300000] [id=17200]

Stack: [0x0000006348200000,0x0000006348300000]
Native frames: (J=compiled Java code, j=interpreted, Vv=VM code, C=native code)
V  [jvm.dll+0x683c9a]
V  [jvm.dll+0x8427a4]
V  [jvm.dll+0x843f9e]
V  [jvm.dll+0x844603]
V  [jvm.dll+0x249b75]
V  [jvm.dll+0x680b69]
V  [jvm.dll+0x67505a]
V  [jvm.dll+0x309acb]
V  [jvm.dll+0x310f86]
V  [jvm.dll+0x3608ee]
V  [jvm.dll+0x360b1f]
V  [jvm.dll+0x2dfbf8]
V  [jvm.dll+0x2ddec4]
V  [jvm.dll+0x2dd4cc]
V  [jvm.dll+0x321f3b]
V  [jvm.dll+0x848ccb]
V  [jvm.dll+0x849a04]
V  [jvm.dll+0x849f1d]
V  [jvm.dll+0x84a2f4]
V  [jvm.dll+0x84a3c0]
V  [jvm.dll+0x7f274a]
V  [jvm.dll+0x682ad5]
C  [ucrtbase.dll+0x21bb2]
C  [KERNEL32.DLL+0x17614]
C  [ntdll.dll+0x526b1]

VM_Operation (0x0000006349bf1020): G1CollectForAllocation, mode: safepoint, requested by thread 0x0000021accaa8d70


---------------  P R O C E S S  ---------------

Threads class SMR info:
_java_thread_list=0x0000021ace1f8250, length=128, elements={
0x0000021aadc8afe0, 0x0000021acaab46f0, 0x0000021acaab52a0, 0x0000021acab47000,
0x0000021acab478c0, 0x0000021acaae0d00, 0x0000021acaae15c0, 0x0000021acab18330,
0x0000021acab1a190, 0x0000021acab2c7b0, 0x0000021acb891340, 0x0000021acb893c30,
0x0000021ace0282f0, 0x0000021ace294f80, 0x0000021acc395830, 0x0000021acc477880,
0x0000021acd989e70, 0x0000021acccc6f30, 0x0000021accaa8d70, 0x0000021acc6f7660,
0x0000021acbf2dac0, 0x0000021acbf2e460, 0x0000021acbf2b440, 0x0000021acbf2cc50,
0x0000021acbf2bde0, 0x0000021acbf2c2b0, 0x0000021acbf2c780, 0x0000021acbf2e930,
0x0000021acbf2af70, 0x0000021acbf2d5f0, 0x0000021acbe70000, 0x0000021acbe73e90,
0x0000021acbe739c0, 0x0000021acbe6f660, 0x0000021acbe71ce0, 0x0000021acbe74360,
0x0000021acbe6e7f0, 0x0000021acbe71340, 0x0000021acbe70e70, 0x0000021acbe71810,
0x0000021acbe721b0, 0x0000021acbe72680, 0x0000021acbe6d980, 0x0000021acbe72b50,
0x0000021acbe6de50, 0x0000021acbe6ecc0, 0x0000021acbe73020, 0x0000021acbf2df90,
0x0000021ace57d110, 0x0000021ace57cc40, 0x0000021ace57b900, 0x0000021ace57e920,
0x0000021ace57edf0, 0x0000021ace57d5e0, 0x0000021ace580130, 0x0000021ace57f2c0,
0x0000021ace57dab0, 0x0000021ace57bdd0, 0x0000021ace57c2a0, 0x0000021ace5822e0,
0x0000021ace580fa0, 0x0000021ace57c770, 0x0000021ace57df80, 0x0000021ace581940,
0x0000021ace581e10, 0x0000021ace57e450, 0x0000021ace57f790, 0x0000021ace57fc60,
0x0000021ace581470, 0x0000021ace5827b0, 0x0000021ace580600, 0x0000021ace580ad0,
0x0000021ace582c80, 0x0000021ace583150, 0x0000021ad0770070, 0x0000021ad0776f20,
0x0000021ad0775710, 0x0000021ad07778c0, 0x0000021ad0770a10, 0x0000021ad0770ee0,
0x0000021ad07713b0, 0x0000021ad0771880, 0x0000021ad0771d50, 0x0000021ad0775240,
0x0000021ad0772220, 0x0000021ad07726f0, 0x0000021ad0770540, 0x0000021ad0775be0,
0x0000021ad07773f0, 0x0000021ad0772bc0, 0x0000021ad07748a0, 0x0000021ad0773090,
0x0000021ad0774d70, 0x0000021ad0773560, 0x0000021ad0773a30, 0x0000021ad0773f00,
0x0000021ad07743d0, 0x0000021ad07760b0, 0x0000021ad0776580, 0x0000021ad0776a50,
0x0000021ace5375f0, 0x0000021ace537ac0, 0x0000021ace534f70, 0x0000021ace535440,
0x0000021ace536780, 0x0000021ace537f90, 0x0000021ace537120, 0x0000021ace538460,
0x0000021ace538930, 0x0000021ace538e00, 0x0000021ace5392d0, 0x0000021ace534aa0,
0x0000021ace533760, 0x0000021ace5397a0, 0x0000021ace531f50, 0x0000021ace532420,
0x0000021ace5328f0, 0x0000021ace5362b0, 0x0000021ace532dc0, 0x0000021ace533290,
0x0000021ace535910, 0x0000021ace533c30, 0x0000021ace536c50, 0x0000021ace535de0,
0x0000021ace534100, 0x0000021acddc7070, 0x0000021ad041be10, 0x0000021ad041d760
}

Java Threads: ( => current thread )
  0x0000021aadc8afe0 JavaThread "main" [_thread_blocked, id=29316, stack(0x0000006347c00000,0x0000006347d00000)]
  0x0000021acaab46f0 JavaThread "Reference Handler" daemon [_thread_blocked, id=27680, stack(0x0000006348300000,0x0000006348400000)]
  0x0000021acaab52a0 JavaThread "Finalizer" daemon [_thread_blocked, id=22036, stack(0x0000006348400000,0x0000006348500000)]
  0x0000021acab47000 JavaThread "Signal Dispatcher" daemon [_thread_blocked, id=53988, stack(0x0000006348500000,0x0000006348600000)]
  0x0000021acab478c0 JavaThread "Attach Listener" daemon [_thread_blocked, id=21136, stack(0x0000006348600000,0x0000006348700000)]
  0x0000021acaae0d00 JavaThread "Service Thread" daemon [_thread_blocked, id=54380, stack(0x0000006348700000,0x0000006348800000)]
  0x0000021acaae15c0 JavaThread "Monitor Deflation Thread" daemon [_thread_blocked, id=55384, stack(0x0000006348800000,0x0000006348900000)]
  0x0000021acab18330 JavaThread "C2 CompilerThread0" daemon [_thread_blocked, id=4008, stack(0x0000006348900000,0x0000006348a00000)]
  0x0000021acab1a190 JavaThread "C1 CompilerThread0" daemon [_thread_blocked, id=46536, stack(0x0000006348a00000,0x0000006348b00000)]
  0x0000021acab2c7b0 JavaThread "Sweeper thread" daemon [_thread_blocked, id=50048, stack(0x0000006348b00000,0x0000006348c00000)]
  0x0000021acb891340 JavaThread "Common-Cleaner" daemon [_thread_blocked, id=27152, stack(0x0000006348c00000,0x0000006348d00000)]
  0x0000021acb893c30 JavaThread "Notification Thread" daemon [_thread_blocked, id=51728, stack(0x0000006348d00000,0x0000006348e00000)]
  0x0000021ace0282f0 JavaThread "Daemon health stats" [_thread_blocked, id=52184, stack(0x0000006349600000,0x0000006349700000)]
  0x0000021ace294f80 JavaThread "Incoming local TCP Connector on port 11662" [_thread_in_native, id=34996, stack(0x0000006348f00000,0x0000006349000000)]
  0x0000021acc395830 JavaThread "Daemon periodic checks" [_thread_blocked, id=50320, stack(0x0000006349700000,0x0000006349800000)]
  0x0000021acc477880 JavaThread "Daemon" [_thread_blocked, id=34032, stack(0x0000006349800000,0x0000006349900000)]
  0x0000021acd989e70 JavaThread "Handler for socket connection from /127.0.0.1:11662 to /127.0.0.1:11671" [_thread_in_native, id=45048, stack(0x0000006349900000,0x0000006349a00000)]
  0x0000021acccc6f30 JavaThread "Cancel handler" [_thread_blocked, id=26324, stack(0x0000006349a00000,0x0000006349b00000)]
  0x0000021accaa8d70 JavaThread "Daemon worker" [_thread_blocked, id=52960, stack(0x0000006349b00000,0x0000006349c00000)]
  0x0000021acc6f7660 JavaThread "Asynchronous log dispatcher for DefaultDaemonConnection: socket connection from /127.0.0.1:11662 to /127.0.0.1:11671" [_thread_blocked, id=46252, stack(0x0000006349c00000,0x0000006349d00000)]
  0x0000021acbf2dac0 JavaThread "Stdin handler" [_thread_blocked, id=43568, stack(0x0000006349d00000,0x0000006349e00000)]
  0x0000021acbf2e460 JavaThread "Daemon client event forwarder" [_thread_blocked, id=54436, stack(0x0000006349e00000,0x0000006349f00000)]
  0x0000021acbf2b440 JavaThread "Cache worker for journal cache (C:\Temp\gradle\caches\journal-1)" [_thread_blocked, id=51724, stack(0x000000634a000000,0x000000634a100000)]
  0x0000021acbf2cc50 JavaThread "File lock request listener" [_thread_in_native, id=42708, stack(0x000000634a100000,0x000000634a200000)]
  0x0000021acbf2bde0 JavaThread "Cache worker for file hash cache (C:\Temp\gradle\caches\8.0\fileHashes)" [_thread_blocked, id=55504, stack(0x000000634a200000,0x000000634a300000)]
  0x0000021acbf2c2b0 JavaThread "File watcher server" daemon [_thread_in_native, id=47508, stack(0x000000634a300000,0x000000634a400000)]
  0x0000021acbf2c780 JavaThread "File watcher consumer" daemon [_thread_blocked, id=51584, stack(0x000000634a400000,0x000000634a500000)]
  0x0000021acbf2e930 JavaThread "Cache worker for checksums cache (C:\Temp\gunsiya3\.gradle\8.0\checksums)" [_thread_blocked, id=9444, stack(0x000000634a500000,0x000000634a600000)]
  0x0000021acbf2af70 JavaThread "Cache worker for cache directory md-rule (C:\Temp\gradle\caches\8.0\md-rule)" [_thread_blocked, id=50204, stack(0x000000634a600000,0x000000634a700000)]
  0x0000021acbf2d5f0 JavaThread "Cache worker for file content cache (C:\Temp\gradle\caches\8.0\fileContent)" [_thread_blocked, id=25684, stack(0x000000634a700000,0x000000634a800000)]
  0x0000021acbe70000 JavaThread "Cache worker for file hash cache (C:\Temp\gunsiya3\.gradle\8.0\fileHashes)" [_thread_blocked, id=50232, stack(0x000000634a800000,0x000000634a900000)]
  0x0000021acbe73e90 JavaThread "Cache worker for cache directory md-supplier (C:\Temp\gradle\caches\8.0\md-supplier)" [_thread_blocked, id=53672, stack(0x000000634a900000,0x000000634aa00000)]
  0x0000021acbe739c0 JavaThread "Cache worker for execution history cache (C:\Temp\gradle\caches\8.0\executionHistory)" [_thread_blocked, id=4700, stack(0x000000634aa00000,0x000000634ab00000)]
  0x0000021acbe6f660 JavaThread "jar transforms" [_thread_blocked, id=16828, stack(0x000000634ab00000,0x000000634ac00000)]
  0x0000021acbe71ce0 JavaThread "jar transforms Thread 2" [_thread_blocked, id=45024, stack(0x000000634ad00000,0x000000634ae00000)]
  0x0000021acbe74360 JavaThread "jar transforms Thread 3" [_thread_blocked, id=43904, stack(0x000000634af00000,0x000000634b000000)]
  0x0000021acbe6e7f0 JavaThread "jar transforms Thread 4" [_thread_blocked, id=37368, stack(0x000000634b000000,0x000000634b100000)]
  0x0000021acbe71340 JavaThread "Cache worker for dependencies-accessors (C:\Temp\gunsiya3\.gradle\8.0\dependencies-accessors)" [_thread_blocked, id=45484, stack(0x000000634b100000,0x000000634b200000)]
  0x0000021acbe70e70 JavaThread "Cache worker for kotlin-dsl (C:\Temp\gradle\caches\8.0\kotlin-dsl)" [_thread_blocked, id=40580, stack(0x000000634b200000,0x000000634b300000)]
  0x0000021acbe71810 JavaThread "Cache worker for Build Output Cleanup Cache (C:\Temp\gunsiya3\.gradle\buildOutputCleanup)" [_thread_blocked, id=15504, stack(0x000000634b300000,0x000000634b400000)]
  0x0000021acbe721b0 JavaThread "jar transforms Thread 5" [_thread_blocked, id=55936, stack(0x000000634b400000,0x000000634b500000)]
  0x0000021acbe72680 JavaThread "Unconstrained build operations" [_thread_blocked, id=44844, stack(0x000000634ac00000,0x000000634ad00000)]
  0x0000021acbe6d980 JavaThread "Unconstrained build operations Thread 2" [_thread_blocked, id=55900, stack(0x000000634ae00000,0x000000634af00000)]
  0x0000021acbe72b50 JavaThread "Unconstrained build operations Thread 3" [_thread_blocked, id=44892, stack(0x000000634b600000,0x000000634b700000)]
  0x0000021acbe6de50 JavaThread "Unconstrained build operations Thread 4" [_thread_blocked, id=38556, stack(0x000000634b700000,0x000000634b800000)]
  0x0000021acbe6ecc0 JavaThread "Unconstrained build operations Thread 5" [_thread_blocked, id=47140, stack(0x000000634b800000,0x000000634b900000)]
  0x0000021acbe73020 JavaThread "Unconstrained build operations Thread 6" [_thread_blocked, id=45820, stack(0x000000634b900000,0x000000634ba00000)]
  0x0000021acbf2df90 JavaThread "Unconstrained build operations Thread 7" [_thread_blocked, id=31508, stack(0x000000634ba00000,0x000000634bb00000)]
  0x0000021ace57d110 JavaThread "Unconstrained build operations Thread 8" [_thread_blocked, id=32908, stack(0x000000634bb00000,0x000000634bc00000)]
  0x0000021ace57cc40 JavaThread "Unconstrained build operations Thread 9" [_thread_blocked, id=22424, stack(0x000000634bc00000,0x000000634bd00000)]
  0x0000021ace57b900 JavaThread "Unconstrained build operations Thread 10" [_thread_blocked, id=51740, stack(0x000000634bd00000,0x000000634be00000)]
  0x0000021ace57e920 JavaThread "Unconstrained build operations Thread 11" [_thread_blocked, id=44896, stack(0x000000634be00000,0x000000634bf00000)]
  0x0000021ace57edf0 JavaThread "Unconstrained build operations Thread 12" [_thread_blocked, id=49120, stack(0x000000634bf00000,0x000000634c000000)]
  0x0000021ace57d5e0 JavaThread "Unconstrained build operations Thread 13" [_thread_blocked, id=39348, stack(0x000000634c000000,0x000000634c100000)]
  0x0000021ace580130 JavaThread "Unconstrained build operations Thread 14" [_thread_blocked, id=10952, stack(0x000000634c100000,0x000000634c200000)]
  0x0000021ace57f2c0 JavaThread "Unconstrained build operations Thread 15" [_thread_blocked, id=53892, stack(0x000000634c200000,0x000000634c300000)]
  0x0000021ace57dab0 JavaThread "Unconstrained build operations Thread 16" [_thread_blocked, id=44576, stack(0x000000634c300000,0x000000634c400000)]
  0x0000021ace57bdd0 JavaThread "Unconstrained build operations Thread 17" [_thread_blocked, id=54672, stack(0x000000634c400000,0x000000634c500000)]
  0x0000021ace57c2a0 JavaThread "Unconstrained build operations Thread 18" [_thread_blocked, id=48052, stack(0x000000634c500000,0x000000634c600000)]
  0x0000021ace5822e0 JavaThread "Unconstrained build operations Thread 19" [_thread_blocked, id=53664, stack(0x000000634c600000,0x000000634c700000)]
  0x0000021ace580fa0 JavaThread "Unconstrained build operations Thread 20" [_thread_blocked, id=50752, stack(0x000000634c700000,0x000000634c800000)]
  0x0000021ace57c770 JavaThread "Unconstrained build operations Thread 21" [_thread_blocked, id=55536, stack(0x000000634c800000,0x000000634c900000)]
  0x0000021ace57df80 JavaThread "Unconstrained build operations Thread 22" [_thread_blocked, id=50728, stack(0x000000634c900000,0x000000634ca00000)]
  0x0000021ace581940 JavaThread "Unconstrained build operations Thread 23" [_thread_blocked, id=5320, stack(0x000000634ca00000,0x000000634cb00000)]
  0x0000021ace581e10 JavaThread "Unconstrained build operations Thread 24" [_thread_blocked, id=9852, stack(0x000000634cb00000,0x000000634cc00000)]
  0x0000021ace57e450 JavaThread "Unconstrained build operations Thread 25" [_thread_blocked, id=20632, stack(0x000000634cc00000,0x000000634cd00000)]
  0x0000021ace57f790 JavaThread "Unconstrained build operations Thread 26" [_thread_blocked, id=40628, stack(0x000000634cd00000,0x000000634ce00000)]
  0x0000021ace57fc60 JavaThread "Unconstrained build operations Thread 27" [_thread_blocked, id=53296, stack(0x000000634ce00000,0x000000634cf00000)]
  0x0000021ace581470 JavaThread "Unconstrained build operations Thread 28" [_thread_blocked, id=55968, stack(0x000000634cf00000,0x000000634d000000)]
  0x0000021ace5827b0 JavaThread "Unconstrained build operations Thread 29" [_thread_blocked, id=17108, stack(0x000000634d000000,0x000000634d100000)]
  0x0000021ace580600 JavaThread "Unconstrained build operations Thread 30" [_thread_blocked, id=46376, stack(0x000000634d100000,0x000000634d200000)]
  0x0000021ace580ad0 JavaThread "Unconstrained build operations Thread 31" [_thread_blocked, id=47780, stack(0x000000634d200000,0x000000634d300000)]
  0x0000021ace582c80 JavaThread "Unconstrained build operations Thread 32" [_thread_blocked, id=39360, stack(0x000000634d300000,0x000000634d400000)]
  0x0000021ace583150 JavaThread "Unconstrained build operations Thread 33" [_thread_blocked, id=45584, stack(0x000000634d400000,0x000000634d500000)]
  0x0000021ad0770070 JavaThread "Unconstrained build operations Thread 34" [_thread_blocked, id=51716, stack(0x000000634d500000,0x000000634d600000)]
  0x0000021ad0776f20 JavaThread "Unconstrained build operations Thread 35" [_thread_blocked, id=53768, stack(0x000000634d600000,0x000000634d700000)]
  0x0000021ad0775710 JavaThread "Unconstrained build operations Thread 36" [_thread_blocked, id=55292, stack(0x000000634d700000,0x000000634d800000)]
  0x0000021ad07778c0 JavaThread "Unconstrained build operations Thread 37" [_thread_blocked, id=45644, stack(0x000000634d800000,0x000000634d900000)]
  0x0000021ad0770a10 JavaThread "Unconstrained build operations Thread 38" [_thread_blocked, id=49616, stack(0x000000634d900000,0x000000634da00000)]
  0x0000021ad0770ee0 JavaThread "Unconstrained build operations Thread 39" [_thread_blocked, id=52312, stack(0x000000634da00000,0x000000634db00000)]
  0x0000021ad07713b0 JavaThread "Unconstrained build operations Thread 40" [_thread_blocked, id=48464, stack(0x000000634db00000,0x000000634dc00000)]
  0x0000021ad0771880 JavaThread "Unconstrained build operations Thread 41" [_thread_blocked, id=37620, stack(0x000000634dc00000,0x000000634dd00000)]
  0x0000021ad0771d50 JavaThread "Unconstrained build operations Thread 42" [_thread_blocked, id=36964, stack(0x000000634dd00000,0x000000634de00000)]
  0x0000021ad0775240 JavaThread "Unconstrained build operations Thread 43" [_thread_blocked, id=56040, stack(0x000000634de00000,0x000000634df00000)]
  0x0000021ad0772220 JavaThread "Unconstrained build operations Thread 44" [_thread_blocked, id=42676, stack(0x000000634df00000,0x000000634e000000)]
  0x0000021ad07726f0 JavaThread "Unconstrained build operations Thread 45" [_thread_blocked, id=55220, stack(0x000000634e000000,0x000000634e100000)]
  0x0000021ad0770540 JavaThread "Unconstrained build operations Thread 46" [_thread_blocked, id=48892, stack(0x000000634e100000,0x000000634e200000)]
  0x0000021ad0775be0 JavaThread "Unconstrained build operations Thread 47" [_thread_blocked, id=45992, stack(0x000000634e200000,0x000000634e300000)]
  0x0000021ad07773f0 JavaThread "Unconstrained build operations Thread 48" [_thread_blocked, id=1476, stack(0x000000634e300000,0x000000634e400000)]
  0x0000021ad0772bc0 JavaThread "Unconstrained build operations Thread 49" [_thread_blocked, id=56292, stack(0x000000634e400000,0x000000634e500000)]
  0x0000021ad07748a0 JavaThread "Unconstrained build operations Thread 50" [_thread_blocked, id=31180, stack(0x000000634e500000,0x000000634e600000)]
  0x0000021ad0773090 JavaThread "Unconstrained build operations Thread 51" [_thread_blocked, id=53436, stack(0x000000634e600000,0x000000634e700000)]
  0x0000021ad0774d70 JavaThread "Unconstrained build operations Thread 52" [_thread_blocked, id=51836, stack(0x000000634e700000,0x000000634e800000)]
  0x0000021ad0773560 JavaThread "Unconstrained build operations Thread 53" [_thread_blocked, id=8868, stack(0x000000634e800000,0x000000634e900000)]
  0x0000021ad0773a30 JavaThread "Unconstrained build operations Thread 54" [_thread_blocked, id=56100, stack(0x000000634e900000,0x000000634ea00000)]
  0x0000021ad0773f00 JavaThread "Unconstrained build operations Thread 55" [_thread_blocked, id=48344, stack(0x000000634ea00000,0x000000634eb00000)]
  0x0000021ad07743d0 JavaThread "Unconstrained build operations Thread 56" [_thread_blocked, id=51560, stack(0x000000634eb00000,0x000000634ec00000)]
  0x0000021ad07760b0 JavaThread "Unconstrained build operations Thread 57" [_thread_blocked, id=42508, stack(0x000000634ec00000,0x000000634ed00000)]
  0x0000021ad0776580 JavaThread "Unconstrained build operations Thread 58" [_thread_blocked, id=48204, stack(0x000000634ed00000,0x000000634ee00000)]
  0x0000021ad0776a50 JavaThread "Unconstrained build operations Thread 59" [_thread_blocked, id=32532, stack(0x000000634ee00000,0x000000634ef00000)]
  0x0000021ace5375f0 JavaThread "Unconstrained build operations Thread 60" [_thread_blocked, id=17180, stack(0x000000634ef00000,0x000000634f000000)]
  0x0000021ace537ac0 JavaThread "Unconstrained build operations Thread 61" [_thread_blocked, id=47264, stack(0x000000634f000000,0x000000634f100000)]
  0x0000021ace534f70 JavaThread "Unconstrained build operations Thread 62" [_thread_blocked, id=53364, stack(0x000000634f100000,0x000000634f200000)]
  0x0000021ace535440 JavaThread "Unconstrained build operations Thread 63" [_thread_blocked, id=48940, stack(0x000000634f200000,0x000000634f300000)]
  0x0000021ace536780 JavaThread "Unconstrained build operations Thread 64" [_thread_blocked, id=50960, stack(0x000000634f300000,0x000000634f400000)]
  0x0000021ace537f90 JavaThread "Unconstrained build operations Thread 65" [_thread_blocked, id=56272, stack(0x000000634f400000,0x000000634f500000)]
  0x0000021ace537120 JavaThread "Unconstrained build operations Thread 66" [_thread_blocked, id=49068, stack(0x000000634f500000,0x000000634f600000)]
  0x0000021ace538460 JavaThread "Unconstrained build operations Thread 67" [_thread_blocked, id=55516, stack(0x000000634f600000,0x000000634f700000)]
  0x0000021ace538930 JavaThread "Unconstrained build operations Thread 68" [_thread_blocked, id=44888, stack(0x000000634f700000,0x000000634f800000)]
  0x0000021ace538e00 JavaThread "Unconstrained build operations Thread 69" [_thread_blocked, id=51840, stack(0x000000634f800000,0x000000634f900000)]
  0x0000021ace5392d0 JavaThread "Unconstrained build operations Thread 70" [_thread_blocked, id=42328, stack(0x000000634f900000,0x000000634fa00000)]
  0x0000021ace534aa0 JavaThread "Unconstrained build operations Thread 71" [_thread_blocked, id=43252, stack(0x000000634fa00000,0x000000634fb00000)]
  0x0000021ace533760 JavaThread "Unconstrained build operations Thread 72" [_thread_blocked, id=23372, stack(0x000000634fb00000,0x000000634fc00000)]
  0x0000021ace5397a0 JavaThread "Unconstrained build operations Thread 73" [_thread_blocked, id=52300, stack(0x000000634fc00000,0x000000634fd00000)]
  0x0000021ace531f50 JavaThread "Unconstrained build operations Thread 74" [_thread_blocked, id=53636, stack(0x000000634fd00000,0x000000634fe00000)]
  0x0000021ace532420 JavaThread "Unconstrained build operations Thread 75" [_thread_blocked, id=44004, stack(0x000000634fe00000,0x000000634ff00000)]
  0x0000021ace5328f0 JavaThread "Unconstrained build operations Thread 76" [_thread_blocked, id=52988, stack(0x000000634ff00000,0x0000006350000000)]
  0x0000021ace5362b0 JavaThread "Unconstrained build operations Thread 77" [_thread_blocked, id=26368, stack(0x0000006350000000,0x0000006350100000)]
  0x0000021ace532dc0 JavaThread "Unconstrained build operations Thread 78" [_thread_blocked, id=55152, stack(0x0000006350100000,0x0000006350200000)]
  0x0000021ace533290 JavaThread "Unconstrained build operations Thread 79" [_thread_blocked, id=50208, stack(0x0000006350200000,0x0000006350300000)]
  0x0000021ace535910 JavaThread "Unconstrained build operations Thread 80" [_thread_blocked, id=54276, stack(0x0000006350300000,0x0000006350400000)]
  0x0000021ace533c30 JavaThread "jar transforms Thread 6" [_thread_blocked, id=55788, stack(0x0000006350600000,0x0000006350700000)]
  0x0000021ace536c50 JavaThread "jar transforms Thread 7" [_thread_blocked, id=50768, stack(0x0000006350700000,0x0000006350800000)]
  0x0000021ace535de0 JavaThread "jar transforms Thread 8" [_thread_blocked, id=50476, stack(0x0000006350800000,0x0000006350900000)]
  0x0000021ace534100 JavaThread "build event listener" [_thread_blocked, id=46444, stack(0x0000006350500000,0x0000006350600000)]
  0x0000021acddc7070 JavaThread "Memory manager" [_thread_blocked, id=43892, stack(0x0000006350a00000,0x0000006350b00000)]
  0x0000021ad041be10 JavaThread "C2 CompilerThread1" daemon [_thread_blocked, id=48912, stack(0x0000006350400000,0x0000006350500000)]
  0x0000021ad041d760 JavaThread "C2 CompilerThread2" daemon [_thread_blocked, id=45192, stack(0x0000006350900000,0x0000006350a00000)]

Other Threads:
=>0x0000021acaab1c30 VMThread "VM Thread" [stack: 0x0000006348200000,0x0000006348300000] [id=17200]
  0x0000021ac7da1090 WatcherThread [stack: 0x0000006348e00000,0x0000006348f00000] [id=46400]
  0x0000021ab0a54050 GCTaskThread "GC Thread#0" [stack: 0x0000006347d00000,0x0000006347e00000] [id=42208]
  0x0000021acca79bf0 GCTaskThread "GC Thread#1" [stack: 0x0000006347b00000,0x0000006347c00000] [id=45064]
  0x0000021acb9346e0 GCTaskThread "GC Thread#2" [stack: 0x0000006349000000,0x0000006349100000] [id=42168]
  0x0000021accc9fe20 GCTaskThread "GC Thread#3" [stack: 0x0000006349100000,0x0000006349200000] [id=45112]
  0x0000021acdc3a010 GCTaskThread "GC Thread#4" [stack: 0x0000006349200000,0x0000006349300000] [id=49680]
  0x0000021acdc3a2c0 GCTaskThread "GC Thread#5" [stack: 0x0000006349300000,0x0000006349400000] [id=55976]
  0x0000021acdc3a570 GCTaskThread "GC Thread#6" [stack: 0x0000006349400000,0x0000006349500000] [id=9908]
  0x0000021accb7cae0 GCTaskThread "GC Thread#7" [stack: 0x0000006349500000,0x0000006349600000] [id=29760]
  0x0000021ac7d980a0 ConcurrentGCThread "G1 Main Marker" [stack: 0x0000006347e00000,0x0000006347f00000] [id=31048]
  0x0000021ac7d999f0 ConcurrentGCThread "G1 Conc#0" [stack: 0x0000006347f00000,0x0000006348000000] [id=42476]
  0x0000021acde10da0 ConcurrentGCThread "G1 Conc#1" [stack: 0x0000006349f00000,0x000000634a000000] [id=50972]
  0x0000021aca90e040 ConcurrentGCThread "G1 Refine#0" [stack: 0x0000006348000000,0x0000006348100000] [id=38872]
  0x0000021aca90ea60 ConcurrentGCThread "G1 Service" [stack: 0x0000006348100000,0x0000006348200000] [id=40596]

Threads with active compile tasks:
C2 CompilerThread0    24470 10121   !   4       java.lang.reflect.Executable::sharedToGenericString (255 bytes)
C2 CompilerThread1    24470 10130   !   4       com.sun.beans.TypeResolver::resolve (261 bytes)
C2 CompilerThread2    24470 10151       4       com.sun.beans.TypeResolver::resolve (37 bytes)

VM state: at safepoint (normal execution)

VM Mutex/Monitor currently owned by a thread:  ([mutex/lock_event])
[0x0000021ab09f8570] Threads_lock - owner thread: 0x0000021acaab1c30
[0x0000021ab09f7e20] Heap_lock - owner thread: 0x0000021accaa8d70

Heap address: 0x0000000080000000, size: 2048 MB, Compressed Oops mode: 32-bit

CDS archive(s) not mapped
Compressed class space mapped at: 0x0000000100000000-0x0000000140000000, reserved size: 1073741824
Narrow klass base: 0x0000000000000000, Narrow klass shift: 3, Narrow klass range: 0x140000000

GC Precious Log:
 CPUs: 8 total, 8 available
 Memory: 65335M
 Large Page Support: Disabled
 NUMA Support: Disabled
 Compressed Oops: Enabled (32-bit)
 Heap Region Size: 1M
 Heap Min Capacity: 8M
 Heap Initial Capacity: 1022M
 Heap Max Capacity: 2G
 Pre-touch: Disabled
 Parallel Workers: 8
 Concurrent Workers: 2
 Concurrent Refinement Workers: 8
 Periodic GC: Disabled

Heap:
 garbage-first heap   total 145408K, used 88416K [0x0000000080000000, 0x0000000100000000)
  region size 1024K, 1 young (1024K), 1 survivors (1024K)
 Metaspace       used 98287K, committed 99136K, reserved 1138688K
  class space    used 13447K, committed 13888K, reserved 1048576K

Heap Regions: E=young(eden), S=young(survivor), O=old, HS=humongous(starts), HC=humongous(continues), CS=collection set, F=free, OA=open archive, CA=closed archive, TAMS=top-at-mark-start (previous, next)
|   0|0x0000000080000000, 0x0000000080100000, 0x0000000080100000|100%|HS|  |TAMS 0x0000000080100000, 0x0000000080000000| Complete 
|   1|0x0000000080100000, 0x0000000080200000, 0x0000000080200000|100%|HC|  |TAMS 0x0000000080200000, 0x0000000080100000| Complete 
|   2|0x0000000080200000, 0x0000000080300000, 0x0000000080300000|100%|HC|  |TAMS 0x0000000080300000, 0x0000000080200000| Complete 
|   3|0x0000000080300000, 0x0000000080400000, 0x0000000080400000|100%|HC|  |TAMS 0x0000000080400000, 0x0000000080300000| Complete 
|   4|0x0000000080400000, 0x0000000080500000, 0x0000000080500000|100%| O|  |TAMS 0x0000000080500000, 0x0000000080400000| Untracked 
|   5|0x0000000080500000, 0x0000000080600000, 0x0000000080600000|100%| O|  |TAMS 0x0000000080600000, 0x0000000080500000| Untracked 
|   6|0x0000000080600000, 0x0000000080700000, 0x0000000080700000|100%| O|  |TAMS 0x0000000080700000, 0x0000000080600000| Untracked 
|   7|0x0000000080700000, 0x0000000080800000, 0x0000000080800000|100%| O|  |TAMS 0x0000000080800000, 0x0000000080700000| Untracked 
|   8|0x0000000080800000, 0x0000000080900000, 0x0000000080900000|100%| O|  |TAMS 0x0000000080900000, 0x0000000080800000| Untracked 
|   9|0x0000000080900000, 0x0000000080a00000, 0x0000000080a00000|100%| O|  |TAMS 0x0000000080a00000, 0x0000000080900000| Untracked 
|  10|0x0000000080a00000, 0x0000000080b00000, 0x0000000080b00000|100%| O|  |TAMS 0x0000000080b00000, 0x0000000080a00000| Untracked 
|  11|0x0000000080b00000, 0x0000000080c00000, 0x0000000080c00000|100%| O|  |TAMS 0x0000000080c00000, 0x0000000080b00000| Untracked 
|  12|0x0000000080c00000, 0x0000000080d00000, 0x0000000080d00000|100%| O|  |TAMS 0x0000000080d00000, 0x0000000080c00000| Untracked 
|  13|0x0000000080d00000, 0x0000000080e00000, 0x0000000080e00000|100%| O|  |TAMS 0x0000000080e00000, 0x0000000080d00000| Untracked 
|  14|0x0000000080e00000, 0x0000000080f00000, 0x0000000080f00000|100%| O|  |TAMS 0x0000000080f00000, 0x0000000080e00000| Untracked 
|  15|0x0000000080f00000, 0x0000000081000000, 0x0000000081000000|100%| O|  |TAMS 0x0000000081000000, 0x0000000080f00000| Untracked 
|  16|0x0000000081000000, 0x0000000081100000, 0x0000000081100000|100%| O|  |TAMS 0x0000000081100000, 0x0000000081000000| Untracked 
|  17|0x0000000081100000, 0x0000000081200000, 0x0000000081200000|100%| O|  |TAMS 0x0000000081200000, 0x0000000081100000| Untracked 
|  18|0x0000000081200000, 0x0000000081300000, 0x0000000081300000|100%| O|  |TAMS 0x0000000081300000, 0x0000000081200000| Untracked 
|  19|0x0000000081300000, 0x0000000081400000, 0x0000000081400000|100%| O|  |TAMS 0x0000000081400000, 0x0000000081300000| Untracked 
|  20|0x0000000081400000, 0x0000000081500000, 0x0000000081500000|100%| O|  |TAMS 0x0000000081500000, 0x0000000081400000| Untracked 
|  21|0x0000000081500000, 0x0000000081600000, 0x0000000081600000|100%| O|  |TAMS 0x0000000081600000, 0x0000000081500000| Untracked 
|  22|0x0000000081600000, 0x0000000081700000, 0x0000000081700000|100%| O|  |TAMS 0x0000000081700000, 0x0000000081600000| Untracked 
|  23|0x0000000081700000, 0x0000000081800000, 0x0000000081800000|100%| O|  |TAMS 0x0000000081800000, 0x0000000081700000| Untracked 
|  24|0x0000000081800000, 0x0000000081900000, 0x0000000081900000|100%| O|  |TAMS 0x0000000081900000, 0x0000000081800000| Untracked 
|  25|0x0000000081900000, 0x0000000081a00000, 0x0000000081a00000|100%| O|  |TAMS 0x0000000081a00000, 0x0000000081900000| Untracked 
|  26|0x0000000081a00000, 0x0000000081b00000, 0x0000000081b00000|100%| O|  |TAMS 0x0000000081b00000, 0x0000000081a00000| Untracked 
|  27|0x0000000081b00000, 0x0000000081c00000, 0x0000000081c00000|100%| O|  |TAMS 0x0000000081c00000, 0x0000000081b00000| Untracked 
|  28|0x0000000081c00000, 0x0000000081d00000, 0x0000000081d00000|100%| O|  |TAMS 0x0000000081d00000, 0x0000000081c00000| Untracked 
|  29|0x0000000081d00000, 0x0000000081e00000, 0x0000000081e00000|100%| O|  |TAMS 0x0000000081e00000, 0x0000000081d00000| Untracked 
|  30|0x0000000081e00000, 0x0000000081f00000, 0x0000000081f00000|100%|HS|  |TAMS 0x0000000081f00000, 0x0000000081e00000| Complete 
|  31|0x0000000081f00000, 0x0000000082000000, 0x0000000082000000|100%|HS|  |TAMS 0x0000000082000000, 0x0000000081f00000| Complete 
|  32|0x0000000082000000, 0x0000000082100000, 0x0000000082100000|100%|HC|  |TAMS 0x0000000082100000, 0x0000000082000000| Complete 
|  33|0x0000000082100000, 0x0000000082200000, 0x0000000082200000|100%|HS|  |TAMS 0x0000000082200000, 0x0000000082100000| Complete 
|  34|0x0000000082200000, 0x0000000082300000, 0x0000000082300000|100%|HS|  |TAMS 0x0000000082300000, 0x0000000082200000| Complete 
|  35|0x0000000082300000, 0x0000000082400000, 0x0000000082400000|100%|HC|  |TAMS 0x0000000082400000, 0x0000000082300000| Complete 
|  36|0x0000000082400000, 0x0000000082500000, 0x0000000082500000|100%|HC|  |TAMS 0x0000000082500000, 0x0000000082400000| Complete 
|  37|0x0000000082500000, 0x0000000082600000, 0x0000000082600000|100%|HC|  |TAMS 0x0000000082600000, 0x0000000082500000| Complete 
|  38|0x0000000082600000, 0x0000000082700000, 0x0000000082700000|100%| O|  |TAMS 0x0000000082700000, 0x0000000082600000| Untracked 
|  39|0x0000000082700000, 0x0000000082800000, 0x0000000082800000|100%| O|  |TAMS 0x0000000082800000, 0x0000000082700000| Untracked 
|  40|0x0000000082800000, 0x0000000082900000, 0x0000000082900000|100%| O|  |TAMS 0x0000000082900000, 0x0000000082800000| Untracked 
|  41|0x0000000082900000, 0x0000000082a00000, 0x0000000082a00000|100%| O|  |TAMS 0x0000000082a00000, 0x0000000082900000| Untracked 
|  42|0x0000000082a00000, 0x0000000082b00000, 0x0000000082b00000|100%| O|  |TAMS 0x0000000082b00000, 0x0000000082a00000| Untracked 
|  43|0x0000000082b00000, 0x0000000082c00000, 0x0000000082c00000|100%| O|  |TAMS 0x0000000082c00000, 0x0000000082b00000| Untracked 
|  44|0x0000000082c00000, 0x0000000082d00000, 0x0000000082d00000|100%| O|  |TAMS 0x0000000082d00000, 0x0000000082c00000| Untracked 
|  45|0x0000000082d00000, 0x0000000082e00000, 0x0000000082e00000|100%| O|  |TAMS 0x0000000082e00000, 0x0000000082d00000| Untracked 
|  46|0x0000000082e00000, 0x0000000082f00000, 0x0000000082f00000|100%| O|  |TAMS 0x0000000082f00000, 0x0000000082e00000| Untracked 
|  47|0x0000000082f00000, 0x0000000083000000, 0x0000000083000000|100%| O|  |TAMS 0x0000000083000000, 0x0000000082f00000| Untracked 
|  48|0x0000000083000000, 0x0000000083100000, 0x0000000083100000|100%| O|  |TAMS 0x0000000083100000, 0x0000000083000000| Untracked 
|  49|0x0000000083100000, 0x0000000083200000, 0x0000000083200000|100%| O|  |TAMS 0x0000000083200000, 0x0000000083100000| Untracked 
|  50|0x0000000083200000, 0x0000000083300000, 0x0000000083300000|100%| O|  |TAMS 0x0000000083300000, 0x0000000083200000| Untracked 
|  51|0x0000000083300000, 0x0000000083400000, 0x0000000083400000|100%| O|  |TAMS 0x0000000083400000, 0x0000000083300000| Untracked 
|  52|0x0000000083400000, 0x0000000083500000, 0x0000000083500000|100%| O|  |TAMS 0x0000000083500000, 0x0000000083400000| Untracked 
|  53|0x0000000083500000, 0x0000000083600000, 0x0000000083600000|100%| O|  |TAMS 0x0000000083600000, 0x0000000083500000| Untracked 
|  54|0x0000000083600000, 0x0000000083700000, 0x0000000083700000|100%| O|  |TAMS 0x0000000083700000, 0x0000000083600000| Untracked 
|  55|0x0000000083700000, 0x0000000083800000, 0x0000000083800000|100%| O|  |TAMS 0x0000000083800000, 0x0000000083700000| Untracked 
|  56|0x0000000083800000, 0x0000000083900000, 0x0000000083900000|100%| O|  |TAMS 0x0000000083900000, 0x0000000083800000| Untracked 
|  57|0x0000000083900000, 0x0000000083a00000, 0x0000000083a00000|100%| O|  |TAMS 0x0000000083a00000, 0x0000000083900000| Untracked 
|  58|0x0000000083a00000, 0x0000000083b00000, 0x0000000083b00000|100%| O|  |TAMS 0x0000000083b00000, 0x0000000083a00000| Untracked 
|  59|0x0000000083b00000, 0x0000000083c00000, 0x0000000083c00000|100%| O|  |TAMS 0x0000000083c00000, 0x0000000083b00000| Untracked 
|  60|0x0000000083c00000, 0x0000000083d00000, 0x0000000083d00000|100%| O|  |TAMS 0x0000000083d00000, 0x0000000083c00000| Untracked 
|  61|0x0000000083d00000, 0x0000000083e00000, 0x0000000083e00000|100%| O|  |TAMS 0x0000000083e00000, 0x0000000083d00000| Untracked 
|  62|0x0000000083e00000, 0x0000000083f00000, 0x0000000083f00000|100%| O|  |TAMS 0x0000000083f00000, 0x0000000083e00000| Untracked 
|  63|0x0000000083f00000, 0x0000000084000000, 0x0000000084000000|100%| O|  |TAMS 0x0000000084000000, 0x0000000083f00000| Untracked 
|  64|0x0000000084000000, 0x0000000084100000, 0x0000000084100000|100%| O|  |TAMS 0x0000000084100000, 0x0000000084000000| Untracked 
|  65|0x0000000084100000, 0x0000000084200000, 0x0000000084200000|100%| O|  |TAMS 0x0000000084200000, 0x0000000084100000| Untracked 
|  66|0x0000000084200000, 0x0000000084200000, 0x0000000084300000|  0%| F|  |TAMS 0x0000000084200000, 0x0000000084200000| Untracked 
|  67|0x0000000084300000, 0x0000000084400000, 0x0000000084400000|100%| O|  |TAMS 0x0000000084400000, 0x0000000084300000| Untracked 
|  68|0x0000000084400000, 0x0000000084500000, 0x0000000084500000|100%| O|  |TAMS 0x0000000084447600, 0x0000000084400000| Untracked 
|  69|0x0000000084500000, 0x0000000084600000, 0x0000000084600000|100%| O|  |TAMS 0x0000000084500000, 0x0000000084500000| Untracked 
|  70|0x0000000084600000, 0x0000000084700000, 0x0000000084700000|100%| O|  |TAMS 0x0000000084700000, 0x0000000084600000| Untracked 
|  71|0x0000000084700000, 0x0000000084800000, 0x0000000084800000|100%| O|  |TAMS 0x0000000084800000, 0x0000000084700000| Untracked 
|  72|0x0000000084800000, 0x0000000084900000, 0x0000000084900000|100%| O|  |TAMS 0x0000000084900000, 0x0000000084800000| Untracked 
|  73|0x0000000084900000, 0x0000000084a00000, 0x0000000084a00000|100%| O|  |TAMS 0x0000000084a00000, 0x0000000084900000| Untracked 
|  74|0x0000000084a00000, 0x0000000084b00000, 0x0000000084b00000|100%| O|  |TAMS 0x0000000084a00000, 0x0000000084a00000| Untracked 
|  75|0x0000000084b00000, 0x0000000084c00000, 0x0000000084c00000|100%| O|  |TAMS 0x0000000084b00000, 0x0000000084b00000| Untracked 
|  76|0x0000000084c00000, 0x0000000084d00000, 0x0000000084d00000|100%| O|  |TAMS 0x0000000084c00000, 0x0000000084c00000| Untracked 
|  77|0x0000000084d00000, 0x0000000084e00000, 0x0000000084e00000|100%| O|  |TAMS 0x0000000084d00000, 0x0000000084d00000| Untracked 
|  78|0x0000000084e00000, 0x0000000084f00000, 0x0000000084f00000|100%| O|  |TAMS 0x0000000084e00000, 0x0000000084e00000| Untracked 
|  79|0x0000000084f00000, 0x0000000085000000, 0x0000000085000000|100%| O|  |TAMS 0x0000000084f00000, 0x0000000084f00000| Untracked 
|  80|0x0000000085000000, 0x0000000085100000, 0x0000000085100000|100%| O|  |TAMS 0x0000000085000000, 0x0000000085000000| Untracked 
|  81|0x0000000085100000, 0x0000000085200000, 0x0000000085200000|100%| O|  |TAMS 0x0000000085100000, 0x0000000085100000| Untracked 
|  82|0x0000000085200000, 0x0000000085300000, 0x0000000085300000|100%| O|  |TAMS 0x0000000085200000, 0x0000000085200000| Untracked 
|  83|0x0000000085300000, 0x0000000085400000, 0x0000000085400000|100%| O|  |TAMS 0x0000000085300000, 0x0000000085300000| Untracked 
|  84|0x0000000085400000, 0x0000000085500000, 0x0000000085500000|100%| O|  |TAMS 0x0000000085400000, 0x0000000085400000| Untracked 
|  85|0x0000000085500000, 0x0000000085579000, 0x0000000085600000| 47%| O|  |TAMS 0x0000000085500000, 0x0000000085500000| Untracked 
|  86|0x0000000085600000, 0x0000000085600000, 0x0000000085700000|  0%| F|  |TAMS 0x0000000085600000, 0x0000000085600000| Untracked 
|  87|0x0000000085700000, 0x0000000085700000, 0x0000000085800000|  0%| F|  |TAMS 0x0000000085700000, 0x0000000085700000| Untracked 
|  88|0x0000000085800000, 0x0000000085800000, 0x0000000085900000|  0%| F|  |TAMS 0x0000000085800000, 0x0000000085800000| Untracked 
|  89|0x0000000085900000, 0x0000000085900000, 0x0000000085a00000|  0%| F|  |TAMS 0x0000000085900000, 0x0000000085900000| Untracked 
|  90|0x0000000085a00000, 0x0000000085a00000, 0x0000000085b00000|  0%| F|  |TAMS 0x0000000085a00000, 0x0000000085a00000| Untracked 
|  91|0x0000000085b00000, 0x0000000085b00000, 0x0000000085c00000|  0%| F|  |TAMS 0x0000000085b00000, 0x0000000085b00000| Untracked 
|  92|0x0000000085c00000, 0x0000000085c00000, 0x0000000085d00000|  0%| F|  |TAMS 0x0000000085c00000, 0x0000000085c00000| Untracked 
|  93|0x0000000085d00000, 0x0000000085d00000, 0x0000000085e00000|  0%| F|  |TAMS 0x0000000085d00000, 0x0000000085d00000| Untracked 
|  94|0x0000000085e00000, 0x0000000085e00000, 0x0000000085f00000|  0%| F|  |TAMS 0x0000000085e00000, 0x0000000085e00000| Untracked 
|  95|0x0000000085f00000, 0x0000000085f00000, 0x0000000086000000|  0%| F|  |TAMS 0x0000000085f00000, 0x0000000085f00000| Untracked 
|  96|0x0000000086000000, 0x0000000086000000, 0x0000000086100000|  0%| F|  |TAMS 0x0000000086000000, 0x0000000086000000| Untracked 
|  97|0x0000000086100000, 0x0000000086100000, 0x0000000086200000|  0%| F|  |TAMS 0x0000000086100000, 0x0000000086100000| Untracked 
|  98|0x0000000086200000, 0x0000000086200000, 0x0000000086300000|  0%| F|  |TAMS 0x0000000086200000, 0x0000000086200000| Untracked 
|  99|0x0000000086300000, 0x0000000086300000, 0x0000000086400000|  0%| F|  |TAMS 0x0000000086300000, 0x0000000086300000| Untracked 
| 100|0x0000000086400000, 0x0000000086400000, 0x0000000086500000|  0%| F|  |TAMS 0x0000000086400000, 0x0000000086400000| Untracked 
| 101|0x0000000086500000, 0x0000000086500000, 0x0000000086600000|  0%| F|  |TAMS 0x0000000086500000, 0x0000000086500000| Untracked 
| 102|0x0000000086600000, 0x0000000086600000, 0x0000000086700000|  0%| F|  |TAMS 0x0000000086600000, 0x0000000086600000| Untracked 
| 103|0x0000000086700000, 0x0000000086700000, 0x0000000086800000|  0%| F|  |TAMS 0x0000000086700000, 0x0000000086700000| Untracked 
| 104|0x0000000086800000, 0x0000000086800000, 0x0000000086900000|  0%| F|  |TAMS 0x0000000086800000, 0x0000000086800000| Untracked 
| 105|0x0000000086900000, 0x0000000086900000, 0x0000000086a00000|  0%| F|  |TAMS 0x0000000086900000, 0x0000000086900000| Untracked 
| 106|0x0000000086a00000, 0x0000000086a00000, 0x0000000086b00000|  0%| F|  |TAMS 0x0000000086a00000, 0x0000000086a00000| Untracked 
| 107|0x0000000086b00000, 0x0000000086b00000, 0x0000000086c00000|  0%| F|  |TAMS 0x0000000086b00000, 0x0000000086b00000| Untracked 
| 108|0x0000000086c00000, 0x0000000086c00000, 0x0000000086d00000|  0%| F|  |TAMS 0x0000000086c00000, 0x0000000086c00000| Untracked 
| 109|0x0000000086d00000, 0x0000000086d00000, 0x0000000086e00000|  0%| F|  |TAMS 0x0000000086d00000, 0x0000000086d00000| Untracked 
| 110|0x0000000086e00000, 0x0000000086e00000, 0x0000000086f00000|  0%| F|  |TAMS 0x0000000086e00000, 0x0000000086e00000| Untracked 
| 111|0x0000000086f00000, 0x0000000086f00000, 0x0000000087000000|  0%| F|  |TAMS 0x0000000086f00000, 0x0000000086f00000| Untracked 
| 112|0x0000000087000000, 0x0000000087000000, 0x0000000087100000|  0%| F|  |TAMS 0x0000000087000000, 0x0000000087000000| Untracked 
| 113|0x0000000087100000, 0x0000000087100000, 0x0000000087200000|  0%| F|  |TAMS 0x0000000087100000, 0x0000000087100000| Untracked 
| 114|0x0000000087200000, 0x0000000087200000, 0x0000000087300000|  0%| F|  |TAMS 0x0000000087200000, 0x0000000087200000| Untracked 
| 115|0x0000000087300000, 0x0000000087300000, 0x0000000087400000|  0%| F|  |TAMS 0x0000000087300000, 0x0000000087300000| Untracked 
| 116|0x0000000087400000, 0x0000000087400000, 0x0000000087500000|  0%| F|  |TAMS 0x0000000087400000, 0x0000000087400000| Untracked 
| 117|0x0000000087500000, 0x0000000087500000, 0x0000000087600000|  0%| F|  |TAMS 0x0000000087500000, 0x0000000087500000| Untracked 
| 118|0x0000000087600000, 0x0000000087600000, 0x0000000087700000|  0%| F|  |TAMS 0x0000000087600000, 0x0000000087600000| Untracked 
| 119|0x0000000087700000, 0x0000000087700000, 0x0000000087800000|  0%| F|  |TAMS 0x0000000087700000, 0x0000000087700000| Untracked 
| 120|0x0000000087800000, 0x0000000087800000, 0x0000000087900000|  0%| F|  |TAMS 0x0000000087800000, 0x0000000087800000| Untracked 
| 121|0x0000000087900000, 0x0000000087900000, 0x0000000087a00000|  0%| F|  |TAMS 0x0000000087900000, 0x0000000087900000| Untracked 
| 122|0x0000000087a00000, 0x0000000087a00000, 0x0000000087b00000|  0%| F|  |TAMS 0x0000000087a00000, 0x0000000087a00000| Untracked 
| 123|0x0000000087b00000, 0x0000000087b00000, 0x0000000087c00000|  0%| F|  |TAMS 0x0000000087b00000, 0x0000000087b00000| Untracked 
| 124|0x0000000087c00000, 0x0000000087c00000, 0x0000000087d00000|  0%| F|  |TAMS 0x0000000087c00000, 0x0000000087c00000| Untracked 
| 125|0x0000000087d00000, 0x0000000087d00000, 0x0000000087e00000|  0%| F|  |TAMS 0x0000000087d00000, 0x0000000087d00000| Untracked 
| 126|0x0000000087e00000, 0x0000000087e00000, 0x0000000087f00000|  0%| F|  |TAMS 0x0000000087e00000, 0x0000000087e00000| Untracked 
| 127|0x0000000087f00000, 0x0000000087f00000, 0x0000000088000000|  0%| F|  |TAMS 0x0000000087f00000, 0x0000000087f00000| Untracked 
| 128|0x0000000088000000, 0x0000000088000000, 0x0000000088100000|  0%| F|  |TAMS 0x0000000088000000, 0x0000000088000000| Untracked 
| 440|0x000000009b800000, 0x000000009b800000, 0x000000009b900000|  0%| F|  |TAMS 0x000000009b800000, 0x000000009b800000| Untracked 
| 441|0x000000009b900000, 0x000000009b900000, 0x000000009ba00000|  0%| F|  |TAMS 0x000000009b900000, 0x000000009b900000| Untracked 
| 442|0x000000009ba00000, 0x000000009ba00000, 0x000000009bb00000|  0%| F|  |TAMS 0x000000009ba00000, 0x000000009ba00000| Untracked 
| 443|0x000000009bb00000, 0x000000009bb00000, 0x000000009bc00000|  0%| F|  |TAMS 0x000000009bb00000, 0x000000009bb00000| Untracked 
| 444|0x000000009bc00000, 0x000000009bc00000, 0x000000009bd00000|  0%| F|  |TAMS 0x000000009bc00000, 0x000000009bc00000| Untracked 
| 445|0x000000009bd00000, 0x000000009bd00000, 0x000000009be00000|  0%| F|  |TAMS 0x000000009bd00000, 0x000000009bd00000| Untracked 
| 446|0x000000009be00000, 0x000000009bedf180, 0x000000009bf00000| 87%| S|CS|TAMS 0x000000009be00000, 0x000000009be00000| Complete 
| 447|0x000000009bf00000, 0x000000009bf00000, 0x000000009c000000|  0%| F|  |TAMS 0x000000009bf00000, 0x000000009bf00000| Untracked 
| 448|0x000000009c000000, 0x000000009c000000, 0x000000009c100000|  0%| F|  |TAMS 0x000000009c000000, 0x000000009c000000| Untracked 
| 449|0x000000009c100000, 0x000000009c100000, 0x000000009c200000|  0%| F|  |TAMS 0x000000009c100000, 0x000000009c100000| Untracked 
|1021|0x00000000bfd00000, 0x00000000bfd00000, 0x00000000bfe00000|  0%| F|  |TAMS 0x00000000bfd00000, 0x00000000bfd00000| Untracked 
|2046|0x00000000ffe00000, 0x00000000ffe00000, 0x00000000fff00000|  0%| F|  |TAMS 0x00000000ffe00000, 0x00000000ffe00000| Untracked 
|2047|0x00000000fff00000, 0x0000000100000000, 0x0000000100000000|100%| O|  |TAMS 0x0000000100000000, 0x00000000fff00000| Untracked 

Card table byte_map: [0x0000021ac3590000,0x0000021ac3990000] _byte_map_base: 0x0000021ac3190000

Marking Bits (Prev, Next): (CMBitMap*) 0x0000021ab0a546a0, (CMBitMap*) 0x0000021ab0a54660
 Prev Bits: [0x0000021ac5d90000, 0x0000021ac7d90000)
 Next Bits: [0x0000021ac3d90000, 0x0000021ac5d90000)

Polling page: 0x0000021aaf4f0000

Metaspace:

Usage:
  Non-class:     82.85 MB used.
      Class:     13.13 MB used.
       Both:     95.98 MB used.

Virtual space:
  Non-class space:       88.00 MB reserved,      83.25 MB ( 95%) committed,  11 nodes.
      Class space:        1.00 GB reserved,      13.56 MB (  1%) committed,  1 nodes.
             Both:        1.09 GB reserved,      96.81 MB (  9%) committed. 

Chunk freelists:
   Non-Class:  688.00 KB
       Class:  2.49 MB
        Both:  3.16 MB

MaxMetaspaceSize: unlimited
CompressedClassSpaceSize: 1.00 GB
Initial GC threshold: 21.00 MB
Current GC threshold: 161.25 MB
CDS: off
MetaspaceReclaimPolicy: balanced
 - commit_granule_bytes: 65536.
 - commit_granule_words: 8192.
 - virtual_space_node_default_size: 1048576.
 - enlarge_chunks_in_place: 1.
 - new_chunks_are_fully_committed: 0.
 - uncommit_free_chunks: 1.
 - use_allocation_guard: 0.
 - handle_deallocations: 1.


Internal statistics:

num_allocs_failed_limit: 9.
num_arena_births: 1024.
num_arena_deaths: 0.
num_vsnodes_births: 12.
num_vsnodes_deaths: 0.
num_space_committed: 1549.
num_space_uncommitted: 0.
num_chunks_returned_to_freelist: 9.
num_chunks_taken_from_freelist: 4502.
num_chunk_merges: 6.
num_chunk_splits: 3017.
num_chunks_enlarged: 2038.
num_purges: 0.
num_inconsistent_stats: 0.

CodeHeap 'non-profiled nmethods': size=120000Kb used=5446Kb max_used=5702Kb free=114553Kb
 bounds [0x0000021abb930000, 0x0000021abbed0000, 0x0000021ac2e60000]
CodeHeap 'profiled nmethods': size=120000Kb used=15853Kb max_used=16964Kb free=104146Kb
 bounds [0x0000021ab3e60000, 0x0000021ab4f00000, 0x0000021abb390000]
CodeHeap 'non-nmethods': size=5760Kb used=2448Kb max_used=2504Kb free=3311Kb
 bounds [0x0000021abb390000, 0x0000021abb610000, 0x0000021abb930000]
 total_blobs=9532 nmethods=8555 adapters=889
 compilation: enabled
              stopped_count=0, restarted_count=0
 full_count=0

Compilation events (20 events):
Event: 24.323 Thread 0x0000021acab1a190 nmethod 10147 0x0000021ab43bbb10 code [0x0000021ab43bbcc0, 0x0000021ab43bbf88]
Event: 24.323 Thread 0x0000021acab1a190 10148   !   3       java.beans.WeakIdentityMap::get (278 bytes)
Event: 24.325 Thread 0x0000021acab1a190 nmethod 10148 0x0000021ab4ac2a10 code [0x0000021ab4ac2d20, 0x0000021ab4ac42a8]
Event: 24.325 Thread 0x0000021acab1a190 10149       3       java.beans.WeakIdentityMap$Entry::isMatched (22 bytes)
Event: 24.325 Thread 0x0000021acab1a190 nmethod 10149 0x0000021ab4baae90 code [0x0000021ab4bab020, 0x0000021ab4bab278]
Event: 24.326 Thread 0x0000021acab1a190 10152       3       org.codehaus.groovy.reflection.AccessPermissionChecker::checkAccessPermission (70 bytes)
Event: 24.327 Thread 0x0000021acab1a190 nmethod 10152 0x0000021ab46b9c90 code [0x0000021ab46b9ee0, 0x0000021ab46ba9a8]
Event: 24.328 Thread 0x0000021acab1a190 10153   !   3       org.codehaus.groovy.reflection.CachedMethod::invoke (84 bytes)
Event: 24.328 Thread 0x0000021ad041d760 10150       4       com.sun.beans.introspect.MethodInfo$MethodOrder::compare (167 bytes)
Event: 24.329 Thread 0x0000021acab1a190 nmethod 10153 0x0000021ab4d7fd90 code [0x0000021ab4d80100, 0x0000021ab4d818a8]
Event: 24.329 Thread 0x0000021acab1a190 10155       3       java.util.Arrays::sort (32 bytes)
Event: 24.330 Thread 0x0000021acab1a190 nmethod 10155 0x0000021ab4baaa10 code [0x0000021ab4baabc0, 0x0000021ab4baad58]
Event: 24.330 Thread 0x0000021acab1a190 10154       3       org.codehaus.groovy.reflection.CachedMethod::makeAccessibleIfNecessary (21 bytes)
Event: 24.331 Thread 0x0000021acab1a190 nmethod 10154 0x0000021ab4905d10 code [0x0000021ab4905f60, 0x0000021ab49069a8]
Event: 24.331 Thread 0x0000021acab1a190 10156       3       com.sun.beans.introspect.MethodInfo::isThrow (42 bytes)
Event: 24.332 Thread 0x0000021acab1a190 nmethod 10156 0x0000021ab47f1c90 code [0x0000021ab47f1e60, 0x0000021ab47f22a8]
Event: 24.333 Thread 0x0000021acab1a190 10157       1       org.codehaus.groovy.runtime.callsite.AbstractCallSite::getName (5 bytes)
Event: 24.334 Thread 0x0000021acab1a190 nmethod 10157 0x0000021abbc7b810 code [0x0000021abbc7b9a0, 0x0000021abbc7ba78]
Event: 24.341 Thread 0x0000021ad041d760 nmethod 10150 0x0000021abbc7a490 code [0x0000021abbc7a680, 0x0000021abbc7b1e0]
Event: 24.341 Thread 0x0000021ad041d760 10151       4       com.sun.beans.TypeResolver::resolve (37 bytes)

GC Heap History (20 events):
Event: 17.859 GC heap after
{Heap after GC invocations=20 (full 0):
 garbage-first heap   total 142336K, used 73092K [0x0000000080000000, 0x0000000100000000)
  region size 1024K, 1 young (1024K), 1 survivors (1024K)
 Metaspace       used 73959K, committed 74560K, reserved 1114112K
  class space    used 9811K, committed 10048K, reserved 1048576K
}
Event: 18.767 GC heap before
{Heap before GC invocations=21 (full 0):
 garbage-first heap   total 142336K, used 112004K [0x0000000080000000, 0x0000000100000000)
  region size 1024K, 42 young (43008K), 1 survivors (1024K)
 Metaspace       used 78420K, committed 79104K, reserved 1122304K
  class space    used 10414K, committed 10752K, reserved 1048576K
}
Event: 18.771 GC heap after
{Heap after GC invocations=22 (full 0):
 garbage-first heap   total 142336K, used 71144K [0x0000000080000000, 0x0000000100000000)
  region size 1024K, 3 young (3072K), 3 survivors (3072K)
 Metaspace       used 78420K, committed 79104K, reserved 1122304K
  class space    used 10414K, committed 10752K, reserved 1048576K
}
Event: 18.824 GC heap before
{Heap before GC invocations=22 (full 0):
 garbage-first heap   total 142336K, used 74216K [0x0000000080000000, 0x0000000100000000)
  region size 1024K, 6 young (6144K), 3 survivors (3072K)
 Metaspace       used 78809K, committed 79488K, reserved 1122304K
  class space    used 10480K, committed 10816K, reserved 1048576K
}
Event: 18.828 GC heap after
{Heap after GC invocations=23 (full 0):
 garbage-first heap   total 142336K, used 70870K [0x0000000080000000, 0x0000000100000000)
  region size 1024K, 1 young (1024K), 1 survivors (1024K)
 Metaspace       used 78809K, committed 79488K, reserved 1122304K
  class space    used 10480K, committed 10816K, reserved 1048576K
}
Event: 19.691 GC heap before
{Heap before GC invocations=23 (full 0):
 garbage-first heap   total 142336K, used 113878K [0x0000000080000000, 0x0000000100000000)
  region size 1024K, 44 young (45056K), 1 survivors (1024K)
 Metaspace       used 82440K, committed 83072K, reserved 1122304K
  class space    used 10945K, committed 11264K, reserved 1048576K
}
Event: 19.699 GC heap after
{Heap after GC invocations=24 (full 0):
 garbage-first heap   total 142336K, used 75571K [0x0000000080000000, 0x0000000100000000)
  region size 1024K, 5 young (5120K), 5 survivors (5120K)
 Metaspace       used 82440K, committed 83072K, reserved 1122304K
  class space    used 10945K, committed 11264K, reserved 1048576K
}
Event: 20.567 GC heap before
{Heap before GC invocations=25 (full 0):
 garbage-first heap   total 142336K, used 115507K [0x0000000080000000, 0x0000000100000000)
  region size 1024K, 44 young (45056K), 5 survivors (5120K)
 Metaspace       used 86292K, committed 86912K, reserved 1130496K
  class space    used 11649K, committed 11968K, reserved 1048576K
}
Event: 20.573 GC heap after
{Heap after GC invocations=26 (full 0):
 garbage-first heap   total 142336K, used 77430K [0x0000000080000000, 0x0000000100000000)
  region size 1024K, 3 young (3072K), 3 survivors (3072K)
 Metaspace       used 86292K, committed 86912K, reserved 1130496K
  class space    used 11649K, committed 11968K, reserved 1048576K
}
Event: 20.634 GC heap before
{Heap before GC invocations=26 (full 0):
 garbage-first heap   total 142336K, used 79478K [0x0000000080000000, 0x0000000100000000)
  region size 1024K, 6 young (6144K), 3 survivors (3072K)
 Metaspace       used 86661K, committed 87296K, reserved 1130496K
  class space    used 11731K, committed 12032K, reserved 1048576K
}
Event: 20.639 GC heap after
{Heap after GC invocations=27 (full 0):
 garbage-first heap   total 142336K, used 76242K [0x0000000080000000, 0x0000000100000000)
  region size 1024K, 1 young (1024K), 1 survivors (1024K)
 Metaspace       used 86661K, committed 87296K, reserved 1130496K
  class space    used 11731K, committed 12032K, reserved 1048576K
}
Event: 21.334 GC heap before
{Heap before GC invocations=27 (full 0):
 garbage-first heap   total 142336K, used 116178K [0x0000000080000000, 0x0000000100000000)
  region size 1024K, 40 young (40960K), 1 survivors (1024K)
 Metaspace       used 90706K, committed 91392K, reserved 1130496K
  class space    used 12341K, committed 12672K, reserved 1048576K
}
Event: 21.339 GC heap after
{Heap after GC invocations=28 (full 0):
 garbage-first heap   total 142336K, used 78856K [0x0000000080000000, 0x0000000100000000)
  region size 1024K, 4 young (4096K), 4 survivors (4096K)
 Metaspace       used 90706K, committed 91392K, reserved 1130496K
  class space    used 12341K, committed 12672K, reserved 1048576K
}
Event: 22.279 GC heap before
{Heap before GC invocations=28 (full 0):
 garbage-first heap   total 142336K, used 116744K [0x0000000080000000, 0x0000000100000000)
  region size 1024K, 41 young (41984K), 4 survivors (4096K)
 Metaspace       used 94452K, committed 95104K, reserved 1130496K
  class space    used 12931K, committed 13248K, reserved 1048576K
}
Event: 22.285 GC heap after
{Heap after GC invocations=29 (full 0):
 garbage-first heap   total 142336K, used 81735K [0x0000000080000000, 0x0000000100000000)
  region size 1024K, 6 young (6144K), 6 survivors (6144K)
 Metaspace       used 94452K, committed 95104K, reserved 1130496K
  class space    used 12931K, committed 13248K, reserved 1048576K
}
Event: 23.578 GC heap before
{Heap before GC invocations=29 (full 0):
 garbage-first heap   total 142336K, used 117575K [0x0000000080000000, 0x0000000100000000)
  region size 1024K, 41 young (41984K), 6 survivors (6144K)
 Metaspace       used 98190K, committed 99008K, reserved 1138688K
  class space    used 13435K, committed 13824K, reserved 1048576K
}
Event: 23.586 GC heap after
{Heap after GC invocations=30 (full 0):
 garbage-first heap   total 142336K, used 85177K [0x0000000080000000, 0x0000000100000000)
  region size 1024K, 6 young (6144K), 6 survivors (6144K)
 Metaspace       used 98190K, committed 99008K, reserved 1138688K
  class space    used 13435K, committed 13824K, reserved 1048576K
}
Event: 24.257 GC heap before
{Heap before GC invocations=31 (full 0):
 garbage-first heap   total 145408K, used 116921K [0x0000000080000000, 0x0000000100000000)
  region size 1024K, 37 young (37888K), 6 survivors (6144K)
 Metaspace       used 98245K, committed 99072K, reserved 1138688K
  class space    used 13443K, committed 13888K, reserved 1048576K
}
Event: 24.267 GC heap after
{Heap after GC invocations=32 (full 0):
 garbage-first heap   total 145408K, used 88235K [0x0000000080000000, 0x0000000100000000)
  region size 1024K, 3 young (3072K), 3 survivors (3072K)
 Metaspace       used 98245K, committed 99072K, reserved 1138688K
  class space    used 13443K, committed 13888K, reserved 1048576K
}
Event: 24.381 GC heap before
{Heap before GC invocations=32 (full 0):
 garbage-first heap   total 145408K, used 92331K [0x0000000080000000, 0x0000000100000000)
  region size 1024K, 7 young (7168K), 3 survivors (3072K)
 Metaspace       used 98287K, committed 99136K, reserved 1138688K
  class space    used 13447K, committed 13888K, reserved 1048576K
}

Dll operation events (2 events):
Event: 0.017 Loaded shared library C:\Program Files\Android\Android Studio\jbr\bin\java.dll
Event: 0.743 Loaded shared library C:\Program Files\Android\Android Studio\jbr\bin\verify.dll

Deoptimization events (20 events):
Event: 23.945 Thread 0x0000021accaa8d70 Uncommon trap: trap_request=0xfffffff4 fr.pc=0x0000021abbd34aa0 relative=0x0000000000000a00
Event: 23.945 Thread 0x0000021accaa8d70 Uncommon trap: reason=null_check action=make_not_entrant pc=0x0000021abbd34aa0 method=com.sun.beans.introspect.MethodInfo$MethodOrder.compare(Ljava/lang/reflect/Method;Ljava/lang/reflect/Method;)I @ 133 c2
Event: 23.945 Thread 0x0000021accaa8d70 DEOPT PACKING pc=0x0000021abbd34aa0 sp=0x0000006349bf2fa0
Event: 23.945 Thread 0x0000021accaa8d70 DEOPT UNPACKING pc=0x0000021abb3ea1a3 sp=0x0000006349bf2ed0 mode 2
Event: 24.135 Thread 0x0000021accaa8d70 Uncommon trap: trap_request=0xfffffff4 fr.pc=0x0000021abbba2ba0 relative=0x0000000000003a20
Event: 24.135 Thread 0x0000021accaa8d70 Uncommon trap: reason=null_check action=make_not_entrant pc=0x0000021abbba2ba0 method=java.lang.PublicMethods$MethodList.getMostSpecific()Ljava/lang/reflect/Method; @ 41 c2
Event: 24.135 Thread 0x0000021accaa8d70 DEOPT PACKING pc=0x0000021abbba2ba0 sp=0x0000006349bf1210
Event: 24.135 Thread 0x0000021accaa8d70 DEOPT UNPACKING pc=0x0000021abb3ea1a3 sp=0x0000006349bf10f0 mode 2
Event: 24.137 Thread 0x0000021accaa8d70 Uncommon trap: trap_request=0xfffffff4 fr.pc=0x0000021abbacdbbc relative=0x000000000000011c
Event: 24.137 Thread 0x0000021accaa8d70 Uncommon trap: reason=null_check action=make_not_entrant pc=0x0000021abbacdbbc method=java.lang.PublicMethods$MethodList.getMostSpecific()Ljava/lang/reflect/Method; @ 41 c2
Event: 24.137 Thread 0x0000021accaa8d70 DEOPT PACKING pc=0x0000021abbacdbbc sp=0x0000006349bf11d0
Event: 24.137 Thread 0x0000021accaa8d70 DEOPT UNPACKING pc=0x0000021abb3ea1a3 sp=0x0000006349bf10e8 mode 2
Event: 24.254 Thread 0x0000021accaa8d70 Uncommon trap: trap_request=0xfffffff4 fr.pc=0x0000021abbd57948 relative=0x0000000000000b28
Event: 24.254 Thread 0x0000021accaa8d70 Uncommon trap: reason=null_check action=make_not_entrant pc=0x0000021abbd57948 method=com.sun.beans.introspect.MethodInfo$MethodOrder.compare(Ljava/lang/reflect/Method;Ljava/lang/reflect/Method;)I @ 145 c2
Event: 24.254 Thread 0x0000021accaa8d70 DEOPT PACKING pc=0x0000021abbd57948 sp=0x0000006349bf1bd0
Event: 24.254 Thread 0x0000021accaa8d70 DEOPT UNPACKING pc=0x0000021abb3ea1a3 sp=0x0000006349bf1b00 mode 2
Event: 24.254 Thread 0x0000021accaa8d70 Uncommon trap: trap_request=0xfffffff4 fr.pc=0x0000021abbd563bc relative=0x00000000000009bc
Event: 24.254 Thread 0x0000021accaa8d70 Uncommon trap: reason=null_check action=make_not_entrant pc=0x0000021abbd563bc method=com.sun.beans.introspect.MethodInfo$MethodOrder.compare(Ljava/lang/reflect/Method;Ljava/lang/reflect/Method;)I @ 145 c2
Event: 24.254 Thread 0x0000021accaa8d70 DEOPT PACKING pc=0x0000021abbd563bc sp=0x0000006349bf1b50
Event: 24.254 Thread 0x0000021accaa8d70 DEOPT UNPACKING pc=0x0000021abb3ea1a3 sp=0x0000006349bf1b08 mode 2

Classes unloaded (0 events):
No events

Classes redefined (0 events):
No events

Internal exceptions (20 events):
Event: 24.254 Thread 0x0000021accaa8d70 Implicit null exception at 0x0000021abbd574e6 to 0x0000021abbd57934
Event: 24.255 Thread 0x0000021accaa8d70 Exception <a 'java/lang/ClassNotFoundException'{0x0000000086dbb7e8}: com/android/build/gradle/internal/dsl/BuildTypeCustomizer> (0x0000000086dbb7e8) 
thrown [s\src\hotspot\share\classfile\systemDictionary.cpp, line 256]
Event: 24.270 Thread 0x0000021accaa8d70 Exception <a 'java/lang/ClassNotFoundException'{0x00000000bfd49cb0}: com/android/build/gradle/internal/dsl/BuildType$AgpDecoratedCustomizer> (0x00000000bfd49cb0) 
thrown [s\src\hotspot\share\classfile\systemDictionary.cpp, line 256]
Event: 24.273 Thread 0x0000021accaa8d70 Exception <a 'java/lang/ClassNotFoundException'{0x00000000bfda11f0}: com/android/build/gradle/internal/dsl/BuildType$AgpDecorated_DecoratedCustomizer> (0x00000000bfda11f0) 
thrown [s\src\hotspot\share\classfile\systemDictionary.cpp, line 256]
Event: 24.308 Thread 0x0000021accaa8d70 Exception <a 'java/lang/ClassNotFoundException'{0x000000009c185628}: build_ew8767umtihr0hal3557q6v63$_run_closure1$_closure6BeanInfo> (0x000000009c185628) 
thrown [s\src\hotspot\share\classfile\systemDictionary.cpp, line 256]
Event: 24.309 Thread 0x0000021accaa8d70 Exception <a 'java/lang/ClassNotFoundException'{0x000000009c193790}: build_ew8767umtihr0hal3557q6v63$_run_closure1$_closure6Customizer> (0x000000009c193790) 
thrown [s\src\hotspot\share\classfile\systemDictionary.cpp, line 256]
Event: 24.311 Thread 0x0000021accaa8d70 Exception <a 'java/lang/ClassNotFoundException'{0x000000009c1c11f0}: build_ew8767umtihr0hal3557q6v63$_run_closure1BeanInfo> (0x000000009c1c11f0) 
thrown [s\src\hotspot\share\classfile\systemDictionary.cpp, line 256]
Event: 24.311 Thread 0x0000021accaa8d70 Exception <a 'java/lang/ClassNotFoundException'{0x000000009c1d0528}: build_ew8767umtihr0hal3557q6v63$_run_closure1Customizer> (0x000000009c1d0528) 
thrown [s\src\hotspot\share\classfile\systemDictionary.cpp, line 256]
Event: 24.317 Thread 0x0000021accaa8d70 Exception <a 'java/lang/ClassNotFoundException'{0x000000009c029d30}: com/android/build/gradle/internal/CompileOptions$AgpDecorated_DecoratedBeanInfo> (0x000000009c029d30) 
thrown [s\src\hotspot\share\classfile\systemDictionary.cpp, line 256]
Event: 24.317 Thread 0x0000021accaa8d70 Exception <a 'java/lang/ClassNotFoundException'{0x000000009c03abd0}: com/android/build/gradle/internal/CompileOptions$AgpDecoratedBeanInfo> (0x000000009c03abd0) 
thrown [s\src\hotspot\share\classfile\systemDictionary.cpp, line 256]
Event: 24.318 Thread 0x0000021accaa8d70 Exception <a 'java/lang/ClassNotFoundException'{0x000000009c04baf8}: com/android/build/gradle/internal/CompileOptionsBeanInfo> (0x000000009c04baf8) 
thrown [s\src\hotspot\share\classfile\systemDictionary.cpp, line 256]
Event: 24.319 Thread 0x0000021accaa8d70 Exception <a 'java/lang/ClassNotFoundException'{0x000000009c05ca38}: com/android/build/gradle/internal/CompileOptionsCustomizer> (0x000000009c05ca38) 
thrown [s\src\hotspot\share\classfile\systemDictionary.cpp, line 256]
Event: 24.320 Thread 0x0000021accaa8d70 Exception <a 'java/lang/ClassNotFoundException'{0x000000009c07a388}: com/android/build/gradle/internal/CompileOptions$AgpDecoratedCustomizer> (0x000000009c07a388) 
thrown [s\src\hotspot\share\classfile\systemDictionary.cpp, line 256]
Event: 24.321 Thread 0x0000021accaa8d70 Exception <a 'java/lang/ClassNotFoundException'{0x000000009c09a808}: com/android/build/gradle/internal/CompileOptions$AgpDecorated_DecoratedCustomizer> (0x000000009c09a808) 
thrown [s\src\hotspot\share\classfile\systemDictionary.cpp, line 256]
Event: 24.324 Thread 0x0000021accaa8d70 Exception <a 'java/lang/ClassNotFoundException'{0x000000009c0f0680}: org/gradle/api/JavaVersionBeanInfo> (0x000000009c0f0680) 
thrown [s\src\hotspot\share\classfile\systemDictionary.cpp, line 256]
Event: 24.325 Thread 0x0000021accaa8d70 Exception <a 'java/lang/ClassNotFoundException'{0x000000009bf0a5e0}: org/gradle/api/JavaVersionCustomizer> (0x000000009bf0a5e0) 
thrown [s\src\hotspot\share\classfile\systemDictionary.cpp, line 256]
Event: 24.330 Thread 0x0000021accaa8d70 Exception <a 'java/lang/ClassNotFoundException'{0x000000009bf5a0a8}: org/jetbrains/kotlin/gradle/plugin/AndroidProjectHandler$configureTarget$kotlinOptions$1BeanInfo> (0x000000009bf5a0a8) 
thrown [s\src\hotspot\share\classfile\systemDictionary.cpp, line 256]
Event: 24.331 Thread 0x0000021accaa8d70 Exception <a 'java/lang/ClassNotFoundException'{0x000000009bf6a1f0}: org/jetbrains/kotlin/gradle/plugin/AndroidProjectHandler$configureTarget$kotlinOptions$1Customizer> (0x000000009bf6a1f0) 
thrown [s\src\hotspot\share\classfile\systemDictionary.cpp, line 256]
Event: 24.380 Thread 0x0000021accaa8d70 Exception <a 'java/lang/ClassNotFoundException'{0x000000009bfe7398}: com/android/build/gradle/internal/dsl/LibraryBuildFeaturesImpl_DecoratedBeanInfo> (0x000000009bfe7398) 
thrown [s\src\hotspot\share\classfile\systemDictionary.cpp, line 256]
Event: 24.381 Thread 0x0000021accaa8d70 Exception <a 'java/lang/ClassNotFoundException'{0x000000009bff8518}: com/android/build/gradle/internal/dsl/LibraryBuildFeaturesImplBeanInfo> (0x000000009bff8518) 
thrown [s\src\hotspot\share\classfile\systemDictionary.cpp, line 256]

VM Operations (20 events):
Event: 22.628 Executing VM operation: HandshakeAllThreads done
Event: 22.628 Executing VM operation: HandshakeAllThreads
Event: 22.628 Executing VM operation: HandshakeAllThreads done
Event: 22.885 Executing VM operation: ICBufferFull
Event: 22.885 Executing VM operation: ICBufferFull done
Event: 23.434 Executing VM operation: ICBufferFull
Event: 23.434 Executing VM operation: ICBufferFull done
Event: 23.485 Executing VM operation: HandshakeAllThreads
Event: 23.485 Executing VM operation: HandshakeAllThreads done
Event: 23.526 Executing VM operation: HandshakeAllThreads
Event: 23.526 Executing VM operation: HandshakeAllThreads done
Event: 23.577 Executing VM operation: G1CollectForAllocation
Event: 23.586 Executing VM operation: G1CollectForAllocation done
Event: 23.659 Executing VM operation: G1Concurrent
Event: 23.687 Executing VM operation: G1Concurrent done
Event: 23.722 Executing VM operation: G1Concurrent
Event: 23.734 Executing VM operation: G1Concurrent done
Event: 24.256 Executing VM operation: G1CollectForAllocation
Event: 24.268 Executing VM operation: G1CollectForAllocation done
Event: 24.381 Executing VM operation: G1CollectForAllocation

Events (20 events):
Event: 22.640 Thread 0x0000021acab2c7b0 flushing nmethod 0x0000021ab4cbf810
Event: 22.640 Thread 0x0000021acab2c7b0 flushing nmethod 0x0000021ab4d0d790
Event: 22.640 Thread 0x0000021acab2c7b0 flushing nmethod 0x0000021ab4d2eb10
Event: 22.640 Thread 0x0000021acab2c7b0 flushing nmethod 0x0000021ab4d57d90
Event: 22.640 Thread 0x0000021acab2c7b0 flushing nmethod 0x0000021ab4d60f90
Event: 22.640 Thread 0x0000021acab2c7b0 flushing nmethod 0x0000021ab4d7fd90
Event: 22.640 Thread 0x0000021acab2c7b0 flushing nmethod 0x0000021ab4dce990
Event: 22.641 Thread 0x0000021acab2c7b0 flushing nmethod 0x0000021ab4e20f10
Event: 22.641 Thread 0x0000021acab2c7b0 flushing nmethod 0x0000021ab4e97f10
Event: 22.641 Thread 0x0000021acab2c7b0 flushing nmethod 0x0000021ab4e98290
Event: 22.641 Thread 0x0000021acab2c7b0 flushing nmethod 0x0000021ab4ee6710
Event: 22.641 Thread 0x0000021acab2c7b0 flushing nmethod 0x0000021ab4ee6b90
Event: 22.744 loading class java/net/InetAddress$CachedLocalHost
Event: 22.744 loading class java/net/InetAddress$CachedLocalHost done
Event: 23.302 Thread 0x0000021ad04204f0 Thread exited: 0x0000021ad04204f0
Event: 23.695 Thread 0x0000021ad041d760 Thread exited: 0x0000021ad041d760
Event: 23.950 loading class java/beans/IntrospectionException
Event: 23.950 loading class java/beans/IntrospectionException done
Event: 23.990 Thread 0x0000021ad041be10 Thread added: 0x0000021ad041be10
Event: 24.327 Thread 0x0000021ad041d760 Thread added: 0x0000021ad041d760


Dynamic libraries:
0x00007ff69f6a0000 - 0x00007ff69f6aa000 	C:\Program Files\Android\Android Studio\jbr\bin\java.exe
0x00007fffefd50000 - 0x00007fffeff48000 	C:\Windows\SYSTEM32\ntdll.dll
0x00007fffeeae0000 - 0x00007fffeeb9f000 	C:\Windows\System32\KERNEL32.DLL
0x00007fffed870000 - 0x00007fffedb66000 	C:\Windows\System32\KERNELBASE.dll
0x00007fffedc00000 - 0x00007fffedd00000 	C:\Windows\System32\ucrtbase.dll
0x00007fff7e740000 - 0x00007fff7e757000 	C:\Program Files\Android\Android Studio\jbr\bin\jli.dll
0x00007fffef0b0000 - 0x00007fffef24d000 	C:\Windows\System32\USER32.dll
0x00007fffedd00000 - 0x00007fffedd22000 	C:\Windows\System32\win32u.dll
0x00007fffeeba0000 - 0x00007fffeebcc000 	C:\Windows\System32\GDI32.dll
0x00007fffed6e0000 - 0x00007fffed7f5000 	C:\Windows\System32\gdi32full.dll
0x00007fffed4e0000 - 0x00007fffed57d000 	C:\Windows\System32\msvcp_win.dll
0x00007fffb92a0000 - 0x00007fffb92bb000 	C:\Program Files\Android\Android Studio\jbr\bin\VCRUNTIME140.dll
0x00007fffda2d0000 - 0x00007fffda56a000 	C:\Windows\WinSxS\amd64_microsoft.windows.common-controls_6595b64144ccf1df_6.0.19041.1110_none_60b5254171f9507e\COMCTL32.dll
0x00007fffeee90000 - 0x00007fffeef2e000 	C:\Windows\System32\msvcrt.dll
0x00007fffee500000 - 0x00007fffee530000 	C:\Windows\System32\IMM32.DLL
0x00007fffafce0000 - 0x00007fffaffb8000 	C:\WWCNT\SYSTEM\WwProc64.dll
0x00007fffefc50000 - 0x00007fffefcff000 	C:\Windows\System32\ADVAPI32.dll
0x00007fffeebd0000 - 0x00007fffeec6c000 	C:\Windows\System32\sechost.dll
0x00007fffeed60000 - 0x00007fffeee86000 	C:\Windows\System32\RPCRT4.dll
0x00007fffeddb0000 - 0x00007fffee4f4000 	C:\Windows\System32\SHELL32.dll
0x00007fffef550000 - 0x00007fffef5a5000 	C:\Windows\System32\SHLWAPI.dll
0x00007fffefb20000 - 0x00007fffefc4a000 	C:\Windows\System32\ole32.dll
0x00007fffef5b0000 - 0x00007fffef904000 	C:\Windows\System32\combase.dll
0x00007fffef310000 - 0x00007fffef3dd000 	C:\Windows\System32\OLEAUT32.dll
0x00007fffeecd0000 - 0x00007fffeed3b000 	C:\Windows\System32\WS2_32.dll
0x00007fffd76d0000 - 0x00007fffd76d7000 	C:\Windows\SYSTEM32\MSIMG32.dll
0x00007fffd7630000 - 0x00007fffd76cd000 	C:\Windows\SYSTEM32\WINSPOOL.DRV
0x00007fffee530000 - 0x00007fffee5dd000 	C:\Windows\System32\shcore.dll
0x00007fffea620000 - 0x00007fffea6be000 	C:\Windows\SYSTEM32\UxTheme.dll
0x00007fffe6230000 - 0x00007fffe623a000 	C:\Windows\SYSTEM32\VERSION.dll
0x00007fffeb650000 - 0x00007fffeb834000 	C:\Windows\SYSTEM32\dbghelp.dll
0x00007fffd75c0000 - 0x00007fffd7626000 	C:\Windows\SYSTEM32\OLEACC.dll
0x00007fffd73e0000 - 0x00007fffd7585000 	C:\Windows\WinSxS\amd64_microsoft.windows.gdiplus_6595b64144ccf1df_1.1.19041.2251_none_91a40448cc8846c1\gdiplus.dll
0x00007fffd7590000 - 0x00007fffd75b7000 	C:\Windows\SYSTEM32\WINMM.dll
0x00007fffd3810000 - 0x00007fffd3844000 	C:\Windows\SYSTEM32\dbgcore.DLL
0x00007fffec560000 - 0x00007fffec593000 	C:\Windows\SYSTEM32\ntmarta.dll
0x00007fffae440000 - 0x00007fffae4a2000 	C:\WWCNT\SYSTEM\printhk64.dll
0x00007fffeb940000 - 0x00007fffeb952000 	C:\Windows\SYSTEM32\kernel.appcore.dll
0x00007fffda010000 - 0x00007fffda01c000 	C:\Program Files\Android\Android Studio\jbr\bin\vcruntime140_1.dll
0x00007fff98890000 - 0x00007fff9891d000 	C:\Program Files\Android\Android Studio\jbr\bin\msvcp140.dll
0x00007fff2e1b0000 - 0x00007fff2ee1e000 	C:\Program Files\Android\Android Studio\jbr\bin\server\jvm.dll
0x00007fffd3070000 - 0x00007fffd3079000 	C:\Windows\SYSTEM32\WSOCK32.dll
0x00007fffc2ba0000 - 0x00007fffc2baa000 	C:\Program Files\Android\Android Studio\jbr\bin\jimage.dll
0x0000021aaf460000 - 0x0000021aaf4e2000 	C:\Windows\System32\bcryptPrimitives.dll
0x00007fffabae0000 - 0x00007fffabb05000 	C:\Program Files\Android\Android Studio\jbr\bin\java.dll
0x00007fffb0c90000 - 0x00007fffb0ca8000 	C:\Program Files\Android\Android Studio\jbr\bin\zip.dll
0x00007fffeade0000 - 0x00007fffeb574000 	C:\Windows\SYSTEM32\windows.storage.dll
0x00007fffecd90000 - 0x00007fffecdbe000 	C:\Windows\SYSTEM32\Wldp.dll
0x00007fffed360000 - 0x00007fffed385000 	C:\Windows\SYSTEM32\profapi.dll
0x00007fff985a0000 - 0x00007fff985b9000 	C:\Program Files\Android\Android Studio\jbr\bin\net.dll
0x00007fffec3c0000 - 0x00007fffec4ca000 	C:\Windows\SYSTEM32\WINHTTP.dll
0x00007fffecb70000 - 0x00007fffecbda000 	C:\Windows\system32\mswsock.dll
0x00007fff7e760000 - 0x00007fff7e776000 	C:\Program Files\Android\Android Studio\jbr\bin\nio.dll
0x00007fffc2ae0000 - 0x00007fffc2af0000 	C:\Program Files\Android\Android Studio\jbr\bin\verify.dll
0x00007fffc5310000 - 0x00007fffc5337000 	C:\Temp\gradle\native\68d5fa5c4cc2d200863cafc0d521ce42e7d3e7ee720ec0a83991735586a16f82\windows-amd64\native-platform.dll
0x00007fff31c20000 - 0x00007fff31d64000 	C:\Temp\gradle\native\e376f236ea51e6404a007f0833ffe2c6e607c4080706a723a18a27aeea778392\windows-amd64\native-platform-file-events.dll
0x00007fffc0310000 - 0x00007fffc0319000 	C:\Program Files\Android\Android Studio\jbr\bin\management.dll
0x00007fffbf200000 - 0x00007fffbf20b000 	C:\Program Files\Android\Android Studio\jbr\bin\management_ext.dll
0x00007fffef250000 - 0x00007fffef258000 	C:\Windows\System32\PSAPI.DLL
0x00007fffecdd0000 - 0x00007fffecde8000 	C:\Windows\SYSTEM32\CRYPTSP.dll
0x00007fffec330000 - 0x00007fffec364000 	C:\Windows\system32\rsaenh.dll
0x00007fffedd30000 - 0x00007fffedd57000 	C:\Windows\System32\bcrypt.dll
0x00007fffed2e0000 - 0x00007fffed30e000 	C:\Windows\SYSTEM32\USERENV.dll
0x00007fffecd00000 - 0x00007fffecd0c000 	C:\Windows\SYSTEM32\CRYPTBASE.dll
0x00007fffec830000 - 0x00007fffec86c000 	C:\Windows\SYSTEM32\IPHLPAPI.DLL
0x00007fffefd00000 - 0x00007fffefd08000 	C:\Windows\System32\NSI.dll
0x00007fffe6c70000 - 0x00007fffe6c87000 	C:\Windows\SYSTEM32\dhcpcsvc6.DLL
0x00007fffe6c50000 - 0x00007fffe6c6d000 	C:\Windows\SYSTEM32\dhcpcsvc.DLL
0x00007fffec880000 - 0x00007fffec94a000 	C:\Windows\SYSTEM32\DNSAPI.dll
0x00007fffbf120000 - 0x00007fffbf127000 	C:\Windows\system32\wshunix.dll
0x00007fffe3790000 - 0x00007fffe379a000 	C:\Windows\System32\rasadhlp.dll
0x00007fffe7620000 - 0x00007fffe76a2000 	C:\Windows\System32\fwpuclnt.dll
0x00007fffcb3a0000 - 0x00007fffcb3b7000 	C:\Windows\system32\napinsp.dll
0x00007fffcb380000 - 0x00007fffcb39b000 	C:\Windows\system32\pnrpnsp.dll
0x00007fffcb360000 - 0x00007fffcb375000 	C:\Windows\system32\wshbth.dll
0x00007fffe8930000 - 0x00007fffe894d000 	C:\Windows\system32\NLAapi.dll
0x00007fffc8290000 - 0x00007fffc82a2000 	C:\Windows\System32\winrnr.dll

dbghelp: loaded successfully - version: 4.0.5 - missing functions: none
symbol engine: initialized successfully - sym options: 0x614 - pdb path: .;C:\Program Files\Android\Android Studio\jbr\bin;C:\Windows\SYSTEM32;C:\Windows\WinSxS\amd64_microsoft.windows.common-controls_6595b64144ccf1df_6.0.19041.1110_none_60b5254171f9507e;C:\WWCNT\SYSTEM;C:\Windows\WinSxS\amd64_microsoft.windows.gdiplus_6595b64144ccf1df_1.1.19041.2251_none_91a40448cc8846c1;C:\Program Files\Android\Android Studio\jbr\bin\server;C:\Temp\gradle\native\68d5fa5c4cc2d200863cafc0d521ce42e7d3e7ee720ec0a83991735586a16f82\windows-amd64;C:\Temp\gradle\native\e376f236ea51e6404a007f0833ffe2c6e607c4080706a723a18a27aeea778392\windows-amd64

VM Arguments:
jvm_args: --add-opens=java.base/java.util=ALL-UNNAMED --add-opens=java.base/java.lang=ALL-UNNAMED --add-opens=java.base/java.lang.invoke=ALL-UNNAMED --add-opens=java.prefs/java.util.prefs=ALL-UNNAMED --add-opens=java.base/java.nio.charset=ALL-UNNAMED --add-opens=java.base/java.net=ALL-UNNAMED --add-opens=java.base/java.util.concurrent.atomic=ALL-UNNAMED -Xmx2048m -Dfile.encoding=UTF-8 -Duser.country=KR -Duser.language=ko -Duser.variant 
java_command: org.gradle.launcher.daemon.bootstrap.GradleDaemon 8.0
java_class_path (initial): C:\Temp\gradle\wrapper\dists\gradle-8.0-bin\ca5e32bp14vu59qr306oxotwh\gradle-8.0\lib\gradle-launcher-8.0.jar
Launcher Type: SUN_STANDARD

[Global flags]
     intx CICompilerCount                          = 4                                         {product} {ergonomic}
     uint ConcGCThreads                            = 2                                         {product} {ergonomic}
     uint G1ConcRefinementThreads                  = 8                                         {product} {ergonomic}
   size_t G1HeapRegionSize                         = 1048576                                   {product} {ergonomic}
    uintx GCDrainStackTargetSize                   = 64                                        {product} {ergonomic}
   size_t InitialHeapSize                          = 1071644672                                {product} {ergonomic}
   size_t MarkStackSize                            = 4194304                                   {product} {ergonomic}
   size_t MaxHeapSize                              = 2147483648                                {product} {command line}
   size_t MaxNewSize                               = 1287651328                                {product} {ergonomic}
   size_t MinHeapDeltaBytes                        = 1048576                                   {product} {ergonomic}
   size_t MinHeapSize                              = 8388608                                   {product} {ergonomic}
    uintx NonNMethodCodeHeapSize                   = 5839372                                {pd product} {ergonomic}
    uintx NonProfiledCodeHeapSize                  = 122909434                              {pd product} {ergonomic}
    uintx ProfiledCodeHeapSize                     = 122909434                              {pd product} {ergonomic}
    uintx ReservedCodeCacheSize                    = 251658240                              {pd product} {ergonomic}
     bool SegmentedCodeCache                       = true                                      {product} {ergonomic}
   size_t SoftMaxHeapSize                          = 2147483648                             {manageable} {ergonomic}
     bool UseCompressedClassPointers               = true                           {product lp64_product} {ergonomic}
     bool UseCompressedOops                        = true                           {product lp64_product} {ergonomic}
     bool UseG1GC                                  = true                                      {product} {ergonomic}
     bool UseLargePagesIndividualAllocation        = false                                  {pd product} {ergonomic}

Logging:
Log output configuration:
 #0: stdout all=warning uptime,level,tags
 #1: stderr all=off uptime,level,tags

Environment Variables:
JAVA_HOME=c:\lib\jdk-17
PATH=C:\Program Files (x86)\Common Files\Oracle\Java\javapath;C:\Python310\Scripts\;C:\Python310\;C:\Windows\Softcamp\SDK;C:\Windows\Softcamp\SDS\x64;C:\Windows\Softcamp\SDS;C:\Windows\system32;C:\Windows;C:\Windows\System32\Wbem;C:\Windows\System32\WindowsPowerShell\v1.0\;C:\Windows\System32\OpenSSH\;C:\Program Files\PuTTY\;C:\Program Files\nodejs\;C:\ProgramData\chocolatey\bin;c:\lib\kotlinc\bin;c:\lib\jdk-17\bin;c:\lib\gradle-7\bin;C:\Program Files (x86)\Common Files\Intel\Shared Libraries\redist\intel64_win\compiler\;C:\Program Files (x86)\Common Files\Intel\Shared Libraries\redist\ia32_win\compiler\;C:\Program Files\Microsoft SQL Server\Client SDK\ODBC\110\Tools\Binn\;C:\Program Files\dotnet\;C:\Program Files (x86)\dotnet\;C:\Program Files (x86)\Common Files\AspenTech Shared\;C:\Program Files\Common Files\AspenTech Shared\;C:\Program Files (x86)\Microsoft SQL Server\160\DTS\Binn\;C:\Program Files\Azure Data Studio\bin;C:\Program Files\Microsoft SQL Server\120\Tools\Binn\;C:\Program Files (x86)\Microsoft SQL Server\120\Tools\Binn\;C:\Program Files\Microsoft SQL Server\120\DTS\Binn\;C:\Program Files\PowerShell\7\;C:\Program Files\Git\cmd;C:\Dev\Flutter\Bin;D:\Profiles\31018320\AppData\Local\Microsoft\WindowsApps;D:\Profiles\31018320\AppData\Local\Programs\Microsoft VS Code\bin;D:\Profiles\31018320\AppData\Roaming\npm;C:\Program Files\Common Files\AspenTech Shared\;C:\Program Files\Azure Data Studio\bin
USERNAME=31018320
LANG=KO
OS=Windows_NT
PROCESSOR_IDENTIFIER=Intel64 Family 6 Model 140 Stepping 1, GenuineIntel
TMP=Z:\Temp
TEMP=Z:\Temp


JNI global refs:
JNI global refs: 27, weak refs: 0

JNI global refs memory usage: 843, weak refs: 841


---------------  S Y S T E M  ---------------

OS:
 Windows 10 , 64 bit Build 19041 (10.0.19041.3155)
OS uptime: 6 days 2:26 hours
Hyper-V role detected

CPU: total 8 (initial active 8) (4 cores per cpu, 2 threads per core) family 6 model 140 stepping 1 microcode 0x6e, cx8, cmov, fxsr, ht, mmx, 3dnowpref, sse, sse2, sse3, ssse3, sse4.1, sse4.2, popcnt, lzcnt, tsc, tscinvbit, avx, avx2, aes, erms, clmul, bmi1, bmi2, adx, avx512f, avx512dq, avx512cd, avx512bw, avx512vl, sha, fma, vzeroupper, avx512_vpopcntdq, avx512_vpclmulqdq, avx512_vaes, avx512_vnni, clflush, clflushopt, clwb, avx512_vbmi2, avx512_vbmi, hv

Memory: 4k page, system-wide physical 65335M (25299M free)
TotalPageFile size 67335M (AvailPageFile size 235M)
current process WorkingSet (physical memory assigned to process): 419M, peak: 422M
current process commit charge ("private bytes"): 450M, peak: 1188M

vm_info: OpenJDK 64-Bit Server VM (17.0.6+0-b2043.56-10027231) for windows-amd64 JRE (17.0.6+0-b2043.56-10027231), built on Apr 28 2023 00:43:19 by "androidbuild" with MS VC++ 16.10 / 16.11 (VS2019)

END.
